<?xml version="1.0" encoding="utf-8"?><testsuites name="pytest tests"><testsuite name="pytest" errors="105" failures="2" skipped="0" tests="113" time="76.164" timestamp="2026-06-16T08:34:45.220504+02:00" hostname="DESKTOP-787SA7U"><testcase classname="tests.features.app.test_app" name="test_get_model" time="0.098"><error message="failed on setup with &quot;FileNotFoundError: [Errno 2] No such file or directory: 'C:\\Users\\andre\\GitHub\\i3x2ua\\i3x_server\\openapi.json'&quot;">fixturedef = &lt;FixtureDef argname='client' scope='function' baseid='tests/features'&gt;
request = &lt;SubRequest 'client' for &lt;Function test_get_model&gt;&gt;

    @pytest.hookimpl(wrapper=True)
    def pytest_fixture_setup(fixturedef: FixtureDef, request) -&gt; object | None:
        asyncio_mode = _get_asyncio_mode(request.config)
        if not _is_asyncio_fixture_function(fixturedef.func):
            if asyncio_mode == Mode.STRICT:
                # Ignore async fixtures without explicit asyncio mark in strict mode
                # This applies to pytest_trio fixtures, for example
                return (yield)
            if not _is_coroutine_or_asyncgen(fixturedef.func):
&gt;               return (yield)
                        ^^^^^

..\..\.venv\Lib\site-packages\pytest_asyncio\plugin.py:730: 
_ _ _ _ _ _ _ _ _ _ _ _ _ _ _ _ _ _ _ _ _ _ _ _ _ _ _ _ _ _ _ _ _ _ _ _ _ _ _ _
..\conftest.py:352: in client
    with TestClient(app) as test_client:
         ^^^^^^^^^^^^^^^
..\..\.venv\Lib\site-packages\starlette\testclient.py:688: in __enter__
    portal.call(self.wait_startup)
..\..\.venv\Lib\site-packages\anyio\from_thread.py:334: in call
    return cast(T_Retval, self.start_task_soon(func, *args).result())
                          ^^^^^^^^^^^^^^^^^^^^^^^^^^^^^^^^^^^^^^^^^^
..\..\..\..\AppData\Roaming\uv\python\cpython-3.12-windows-x86_64-none\Lib\concurrent\futures\_base.py:456: in result
    return self.__get_result()
           ^^^^^^^^^^^^^^^^^^^
..\..\..\..\AppData\Roaming\uv\python\cpython-3.12-windows-x86_64-none\Lib\concurrent\futures\_base.py:401: in __get_result
    raise self._exception
..\..\.venv\Lib\site-packages\anyio\from_thread.py:259: in _call_func
    retval = await retval_or_awaitable
             ^^^^^^^^^^^^^^^^^^^^^^^^^
..\..\.venv\Lib\site-packages\starlette\testclient.py:723: in wait_startup
    await receive()
..\..\.venv\Lib\site-packages\starlette\testclient.py:714: in receive
    self.task.result()
..\..\..\..\AppData\Roaming\uv\python\cpython-3.12-windows-x86_64-none\Lib\concurrent\futures\_base.py:449: in result
    return self.__get_result()
           ^^^^^^^^^^^^^^^^^^^
..\..\..\..\AppData\Roaming\uv\python\cpython-3.12-windows-x86_64-none\Lib\concurrent\futures\_base.py:401: in __get_result
    raise self._exception
..\..\.venv\Lib\site-packages\anyio\from_thread.py:259: in _call_func
    retval = await retval_or_awaitable
             ^^^^^^^^^^^^^^^^^^^^^^^^^
..\..\.venv\Lib\site-packages\starlette\testclient.py:704: in lifespan
    await self.app(scope, self.stream_receive.receive, self.stream_send.send)
..\..\.venv\Lib\site-packages\fastapi\applications.py:1160: in __call__
    await super().__call__(scope, receive, send)
..\..\.venv\Lib\site-packages\starlette\applications.py:90: in __call__
    await self.middleware_stack(scope, receive, send)
..\..\.venv\Lib\site-packages\starlette\middleware\errors.py:151: in __call__
    await self.app(scope, receive, send)
..\..\.venv\Lib\site-packages\starlette\middleware\base.py:103: in __call__
    await self.app(scope, receive, send)
..\..\.venv\Lib\site-packages\starlette\middleware\base.py:103: in __call__
    await self.app(scope, receive, send)
..\..\.venv\Lib\site-packages\starlette\middleware\gzip.py:19: in __call__
    await self.app(scope, receive, send)
..\..\.venv\Lib\site-packages\starlette\middleware\exceptions.py:49: in __call__
    await self.app(scope, receive, send)
..\..\.venv\Lib\site-packages\fastapi\middleware\asyncexitstack.py:18: in __call__
    await self.app(scope, receive, send)
..\..\.venv\Lib\site-packages\starlette\routing.py:660: in __call__
    await self.middleware_stack(scope, receive, send)
..\..\.venv\Lib\site-packages\starlette\routing.py:669: in app
    await self.lifespan(scope, receive, send)
..\..\.venv\Lib\site-packages\starlette\routing.py:638: in lifespan
    async with self.lifespan_context(app) as maybe_state:
               ^^^^^^^^^^^^^^^^^^^^^^^^^^
..\..\..\..\AppData\Roaming\uv\python\cpython-3.12-windows-x86_64-none\Lib\contextlib.py:210: in __aenter__
    return await anext(self.gen)
           ^^^^^^^^^^^^^^^^^^^^^
..\..\.venv\Lib\site-packages\fastapi\routing.py:212: in merged_lifespan
    async with original_context(app) as maybe_original_state:
               ^^^^^^^^^^^^^^^^^^^^^
..\..\..\..\AppData\Roaming\uv\python\cpython-3.12-windows-x86_64-none\Lib\contextlib.py:210: in __aenter__
    return await anext(self.gen)
           ^^^^^^^^^^^^^^^^^^^^^
..\..\.venv\Lib\site-packages\fastapi\routing.py:212: in merged_lifespan
    async with original_context(app) as maybe_original_state:
               ^^^^^^^^^^^^^^^^^^^^^
..\..\..\..\AppData\Roaming\uv\python\cpython-3.12-windows-x86_64-none\Lib\contextlib.py:210: in __aenter__
    return await anext(self.gen)
           ^^^^^^^^^^^^^^^^^^^^^
..\..\.venv\Lib\site-packages\fastapi\routing.py:212: in merged_lifespan
    async with original_context(app) as maybe_original_state:
               ^^^^^^^^^^^^^^^^^^^^^
..\..\..\..\AppData\Roaming\uv\python\cpython-3.12-windows-x86_64-none\Lib\contextlib.py:210: in __aenter__
    return await anext(self.gen)
           ^^^^^^^^^^^^^^^^^^^^^
..\..\i3x_server\bootstrap\app_factory.py:163: in lifespan
    openapi_spec = app.openapi()
                   ^^^^^^^^^^^^^
..\..\i3x_server\bootstrap\app_factory.py:226: in custom_openapi
    openapi_override = json.loads(openapi_doc_path.read_text(encoding="utf-8"))
                                  ^^^^^^^^^^^^^^^^^^^^^^^^^^^^^^^^^^^^^^^^^^^^
..\..\..\..\AppData\Roaming\uv\python\cpython-3.12-windows-x86_64-none\Lib\pathlib.py:1027: in read_text
    with self.open(mode='r', encoding=encoding, errors=errors) as f:
         ^^^^^^^^^^^^^^^^^^^^^^^^^^^^^^^^^^^^^^^^^^^^^^^^^^^^^
_ _ _ _ _ _ _ _ _ _ _ _ _ _ _ _ _ _ _ _ _ _ _ _ _ _ _ _ _ _ _ _ _ _ _ _ _ _ _ _

self = WindowsPath('C:/Users/andre/GitHub/i3x2ua/i3x_server/openapi.json')
mode = 'r', buffering = -1, encoding = 'utf-8', errors = None, newline = None

    def open(self, mode='r', buffering=-1, encoding=None,
             errors=None, newline=None):
        """
        Open the file pointed to by this path and return a file object, as
        the built-in open() function does.
        """
        if "b" not in mode:
            encoding = io.text_encoding(encoding)
&gt;       return io.open(self, mode, buffering, encoding, errors, newline)
               ^^^^^^^^^^^^^^^^^^^^^^^^^^^^^^^^^^^^^^^^^^^^^^^^^^^^^^^^^
E       FileNotFoundError: [Errno 2] No such file or directory: 'C:\\Users\\andre\\GitHub\\i3x2ua\\i3x_server\\openapi.json'

..\..\..\..\AppData\Roaming\uv\python\cpython-3.12-windows-x86_64-none\Lib\pathlib.py:1013: FileNotFoundError</error></testcase><testcase classname="tests.features.app.test_app" name="test_get_data_value" time="0.083"><error message="failed on setup with &quot;FileNotFoundError: [Errno 2] No such file or directory: 'C:\\Users\\andre\\GitHub\\i3x2ua\\i3x_server\\openapi.json'&quot;">fixturedef = &lt;FixtureDef argname='client' scope='function' baseid='tests/features'&gt;
request = &lt;SubRequest 'client' for &lt;Function test_get_data_value&gt;&gt;

    @pytest.hookimpl(wrapper=True)
    def pytest_fixture_setup(fixturedef: FixtureDef, request) -&gt; object | None:
        asyncio_mode = _get_asyncio_mode(request.config)
        if not _is_asyncio_fixture_function(fixturedef.func):
            if asyncio_mode == Mode.STRICT:
                # Ignore async fixtures without explicit asyncio mark in strict mode
                # This applies to pytest_trio fixtures, for example
                return (yield)
            if not _is_coroutine_or_asyncgen(fixturedef.func):
&gt;               return (yield)
                        ^^^^^

..\..\.venv\Lib\site-packages\pytest_asyncio\plugin.py:730: 
_ _ _ _ _ _ _ _ _ _ _ _ _ _ _ _ _ _ _ _ _ _ _ _ _ _ _ _ _ _ _ _ _ _ _ _ _ _ _ _
..\conftest.py:352: in client
    with TestClient(app) as test_client:
         ^^^^^^^^^^^^^^^
..\..\.venv\Lib\site-packages\starlette\testclient.py:688: in __enter__
    portal.call(self.wait_startup)
..\..\.venv\Lib\site-packages\anyio\from_thread.py:334: in call
    return cast(T_Retval, self.start_task_soon(func, *args).result())
                          ^^^^^^^^^^^^^^^^^^^^^^^^^^^^^^^^^^^^^^^^^^
..\..\..\..\AppData\Roaming\uv\python\cpython-3.12-windows-x86_64-none\Lib\concurrent\futures\_base.py:456: in result
    return self.__get_result()
           ^^^^^^^^^^^^^^^^^^^
..\..\..\..\AppData\Roaming\uv\python\cpython-3.12-windows-x86_64-none\Lib\concurrent\futures\_base.py:401: in __get_result
    raise self._exception
..\..\.venv\Lib\site-packages\anyio\from_thread.py:259: in _call_func
    retval = await retval_or_awaitable
             ^^^^^^^^^^^^^^^^^^^^^^^^^
..\..\.venv\Lib\site-packages\starlette\testclient.py:723: in wait_startup
    await receive()
..\..\.venv\Lib\site-packages\starlette\testclient.py:714: in receive
    self.task.result()
..\..\..\..\AppData\Roaming\uv\python\cpython-3.12-windows-x86_64-none\Lib\concurrent\futures\_base.py:449: in result
    return self.__get_result()
           ^^^^^^^^^^^^^^^^^^^
..\..\..\..\AppData\Roaming\uv\python\cpython-3.12-windows-x86_64-none\Lib\concurrent\futures\_base.py:401: in __get_result
    raise self._exception
..\..\.venv\Lib\site-packages\anyio\from_thread.py:259: in _call_func
    retval = await retval_or_awaitable
             ^^^^^^^^^^^^^^^^^^^^^^^^^
..\..\.venv\Lib\site-packages\starlette\testclient.py:704: in lifespan
    await self.app(scope, self.stream_receive.receive, self.stream_send.send)
..\..\.venv\Lib\site-packages\fastapi\applications.py:1160: in __call__
    await super().__call__(scope, receive, send)
..\..\.venv\Lib\site-packages\starlette\applications.py:90: in __call__
    await self.middleware_stack(scope, receive, send)
..\..\.venv\Lib\site-packages\starlette\middleware\errors.py:151: in __call__
    await self.app(scope, receive, send)
..\..\.venv\Lib\site-packages\starlette\middleware\base.py:103: in __call__
    await self.app(scope, receive, send)
..\..\.venv\Lib\site-packages\starlette\middleware\base.py:103: in __call__
    await self.app(scope, receive, send)
..\..\.venv\Lib\site-packages\starlette\middleware\gzip.py:19: in __call__
    await self.app(scope, receive, send)
..\..\.venv\Lib\site-packages\starlette\middleware\exceptions.py:49: in __call__
    await self.app(scope, receive, send)
..\..\.venv\Lib\site-packages\fastapi\middleware\asyncexitstack.py:18: in __call__
    await self.app(scope, receive, send)
..\..\.venv\Lib\site-packages\starlette\routing.py:660: in __call__
    await self.middleware_stack(scope, receive, send)
..\..\.venv\Lib\site-packages\starlette\routing.py:669: in app
    await self.lifespan(scope, receive, send)
..\..\.venv\Lib\site-packages\starlette\routing.py:638: in lifespan
    async with self.lifespan_context(app) as maybe_state:
               ^^^^^^^^^^^^^^^^^^^^^^^^^^
..\..\..\..\AppData\Roaming\uv\python\cpython-3.12-windows-x86_64-none\Lib\contextlib.py:210: in __aenter__
    return await anext(self.gen)
           ^^^^^^^^^^^^^^^^^^^^^
..\..\.venv\Lib\site-packages\fastapi\routing.py:212: in merged_lifespan
    async with original_context(app) as maybe_original_state:
               ^^^^^^^^^^^^^^^^^^^^^
..\..\..\..\AppData\Roaming\uv\python\cpython-3.12-windows-x86_64-none\Lib\contextlib.py:210: in __aenter__
    return await anext(self.gen)
           ^^^^^^^^^^^^^^^^^^^^^
..\..\.venv\Lib\site-packages\fastapi\routing.py:212: in merged_lifespan
    async with original_context(app) as maybe_original_state:
               ^^^^^^^^^^^^^^^^^^^^^
..\..\..\..\AppData\Roaming\uv\python\cpython-3.12-windows-x86_64-none\Lib\contextlib.py:210: in __aenter__
    return await anext(self.gen)
           ^^^^^^^^^^^^^^^^^^^^^
..\..\.venv\Lib\site-packages\fastapi\routing.py:212: in merged_lifespan
    async with original_context(app) as maybe_original_state:
               ^^^^^^^^^^^^^^^^^^^^^
..\..\..\..\AppData\Roaming\uv\python\cpython-3.12-windows-x86_64-none\Lib\contextlib.py:210: in __aenter__
    return await anext(self.gen)
           ^^^^^^^^^^^^^^^^^^^^^
..\..\i3x_server\bootstrap\app_factory.py:163: in lifespan
    openapi_spec = app.openapi()
                   ^^^^^^^^^^^^^
..\..\i3x_server\bootstrap\app_factory.py:226: in custom_openapi
    openapi_override = json.loads(openapi_doc_path.read_text(encoding="utf-8"))
                                  ^^^^^^^^^^^^^^^^^^^^^^^^^^^^^^^^^^^^^^^^^^^^
..\..\..\..\AppData\Roaming\uv\python\cpython-3.12-windows-x86_64-none\Lib\pathlib.py:1027: in read_text
    with self.open(mode='r', encoding=encoding, errors=errors) as f:
         ^^^^^^^^^^^^^^^^^^^^^^^^^^^^^^^^^^^^^^^^^^^^^^^^^^^^^
_ _ _ _ _ _ _ _ _ _ _ _ _ _ _ _ _ _ _ _ _ _ _ _ _ _ _ _ _ _ _ _ _ _ _ _ _ _ _ _

self = WindowsPath('C:/Users/andre/GitHub/i3x2ua/i3x_server/openapi.json')
mode = 'r', buffering = -1, encoding = 'utf-8', errors = None, newline = None

    def open(self, mode='r', buffering=-1, encoding=None,
             errors=None, newline=None):
        """
        Open the file pointed to by this path and return a file object, as
        the built-in open() function does.
        """
        if "b" not in mode:
            encoding = io.text_encoding(encoding)
&gt;       return io.open(self, mode, buffering, encoding, errors, newline)
               ^^^^^^^^^^^^^^^^^^^^^^^^^^^^^^^^^^^^^^^^^^^^^^^^^^^^^^^^^
E       FileNotFoundError: [Errno 2] No such file or directory: 'C:\\Users\\andre\\GitHub\\i3x2ua\\i3x_server\\openapi.json'

..\..\..\..\AppData\Roaming\uv\python\cpython-3.12-windows-x86_64-none\Lib\pathlib.py:1013: FileNotFoundError</error></testcase><testcase classname="tests.features.app.test_app" name="test_invoke_action" time="0.081"><error message="failed on setup with &quot;FileNotFoundError: [Errno 2] No such file or directory: 'C:\\Users\\andre\\GitHub\\i3x2ua\\i3x_server\\openapi.json'&quot;">fixturedef = &lt;FixtureDef argname='client' scope='function' baseid='tests/features'&gt;
request = &lt;SubRequest 'client' for &lt;Function test_invoke_action&gt;&gt;

    @pytest.hookimpl(wrapper=True)
    def pytest_fixture_setup(fixturedef: FixtureDef, request) -&gt; object | None:
        asyncio_mode = _get_asyncio_mode(request.config)
        if not _is_asyncio_fixture_function(fixturedef.func):
            if asyncio_mode == Mode.STRICT:
                # Ignore async fixtures without explicit asyncio mark in strict mode
                # This applies to pytest_trio fixtures, for example
                return (yield)
            if not _is_coroutine_or_asyncgen(fixturedef.func):
&gt;               return (yield)
                        ^^^^^

..\..\.venv\Lib\site-packages\pytest_asyncio\plugin.py:730: 
_ _ _ _ _ _ _ _ _ _ _ _ _ _ _ _ _ _ _ _ _ _ _ _ _ _ _ _ _ _ _ _ _ _ _ _ _ _ _ _
..\conftest.py:352: in client
    with TestClient(app) as test_client:
         ^^^^^^^^^^^^^^^
..\..\.venv\Lib\site-packages\starlette\testclient.py:688: in __enter__
    portal.call(self.wait_startup)
..\..\.venv\Lib\site-packages\anyio\from_thread.py:334: in call
    return cast(T_Retval, self.start_task_soon(func, *args).result())
                          ^^^^^^^^^^^^^^^^^^^^^^^^^^^^^^^^^^^^^^^^^^
..\..\..\..\AppData\Roaming\uv\python\cpython-3.12-windows-x86_64-none\Lib\concurrent\futures\_base.py:456: in result
    return self.__get_result()
           ^^^^^^^^^^^^^^^^^^^
..\..\..\..\AppData\Roaming\uv\python\cpython-3.12-windows-x86_64-none\Lib\concurrent\futures\_base.py:401: in __get_result
    raise self._exception
..\..\.venv\Lib\site-packages\anyio\from_thread.py:259: in _call_func
    retval = await retval_or_awaitable
             ^^^^^^^^^^^^^^^^^^^^^^^^^
..\..\.venv\Lib\site-packages\starlette\testclient.py:723: in wait_startup
    await receive()
..\..\.venv\Lib\site-packages\starlette\testclient.py:714: in receive
    self.task.result()
..\..\..\..\AppData\Roaming\uv\python\cpython-3.12-windows-x86_64-none\Lib\concurrent\futures\_base.py:449: in result
    return self.__get_result()
           ^^^^^^^^^^^^^^^^^^^
..\..\..\..\AppData\Roaming\uv\python\cpython-3.12-windows-x86_64-none\Lib\concurrent\futures\_base.py:401: in __get_result
    raise self._exception
..\..\.venv\Lib\site-packages\anyio\from_thread.py:259: in _call_func
    retval = await retval_or_awaitable
             ^^^^^^^^^^^^^^^^^^^^^^^^^
..\..\.venv\Lib\site-packages\starlette\testclient.py:704: in lifespan
    await self.app(scope, self.stream_receive.receive, self.stream_send.send)
..\..\.venv\Lib\site-packages\fastapi\applications.py:1160: in __call__
    await super().__call__(scope, receive, send)
..\..\.venv\Lib\site-packages\starlette\applications.py:90: in __call__
    await self.middleware_stack(scope, receive, send)
..\..\.venv\Lib\site-packages\starlette\middleware\errors.py:151: in __call__
    await self.app(scope, receive, send)
..\..\.venv\Lib\site-packages\starlette\middleware\base.py:103: in __call__
    await self.app(scope, receive, send)
..\..\.venv\Lib\site-packages\starlette\middleware\base.py:103: in __call__
    await self.app(scope, receive, send)
..\..\.venv\Lib\site-packages\starlette\middleware\gzip.py:19: in __call__
    await self.app(scope, receive, send)
..\..\.venv\Lib\site-packages\starlette\middleware\exceptions.py:49: in __call__
    await self.app(scope, receive, send)
..\..\.venv\Lib\site-packages\fastapi\middleware\asyncexitstack.py:18: in __call__
    await self.app(scope, receive, send)
..\..\.venv\Lib\site-packages\starlette\routing.py:660: in __call__
    await self.middleware_stack(scope, receive, send)
..\..\.venv\Lib\site-packages\starlette\routing.py:669: in app
    await self.lifespan(scope, receive, send)
..\..\.venv\Lib\site-packages\starlette\routing.py:638: in lifespan
    async with self.lifespan_context(app) as maybe_state:
               ^^^^^^^^^^^^^^^^^^^^^^^^^^
..\..\..\..\AppData\Roaming\uv\python\cpython-3.12-windows-x86_64-none\Lib\contextlib.py:210: in __aenter__
    return await anext(self.gen)
           ^^^^^^^^^^^^^^^^^^^^^
..\..\.venv\Lib\site-packages\fastapi\routing.py:212: in merged_lifespan
    async with original_context(app) as maybe_original_state:
               ^^^^^^^^^^^^^^^^^^^^^
..\..\..\..\AppData\Roaming\uv\python\cpython-3.12-windows-x86_64-none\Lib\contextlib.py:210: in __aenter__
    return await anext(self.gen)
           ^^^^^^^^^^^^^^^^^^^^^
..\..\.venv\Lib\site-packages\fastapi\routing.py:212: in merged_lifespan
    async with original_context(app) as maybe_original_state:
               ^^^^^^^^^^^^^^^^^^^^^
..\..\..\..\AppData\Roaming\uv\python\cpython-3.12-windows-x86_64-none\Lib\contextlib.py:210: in __aenter__
    return await anext(self.gen)
           ^^^^^^^^^^^^^^^^^^^^^
..\..\.venv\Lib\site-packages\fastapi\routing.py:212: in merged_lifespan
    async with original_context(app) as maybe_original_state:
               ^^^^^^^^^^^^^^^^^^^^^
..\..\..\..\AppData\Roaming\uv\python\cpython-3.12-windows-x86_64-none\Lib\contextlib.py:210: in __aenter__
    return await anext(self.gen)
           ^^^^^^^^^^^^^^^^^^^^^
..\..\i3x_server\bootstrap\app_factory.py:163: in lifespan
    openapi_spec = app.openapi()
                   ^^^^^^^^^^^^^
..\..\i3x_server\bootstrap\app_factory.py:226: in custom_openapi
    openapi_override = json.loads(openapi_doc_path.read_text(encoding="utf-8"))
                                  ^^^^^^^^^^^^^^^^^^^^^^^^^^^^^^^^^^^^^^^^^^^^
..\..\..\..\AppData\Roaming\uv\python\cpython-3.12-windows-x86_64-none\Lib\pathlib.py:1027: in read_text
    with self.open(mode='r', encoding=encoding, errors=errors) as f:
         ^^^^^^^^^^^^^^^^^^^^^^^^^^^^^^^^^^^^^^^^^^^^^^^^^^^^^
_ _ _ _ _ _ _ _ _ _ _ _ _ _ _ _ _ _ _ _ _ _ _ _ _ _ _ _ _ _ _ _ _ _ _ _ _ _ _ _

self = WindowsPath('C:/Users/andre/GitHub/i3x2ua/i3x_server/openapi.json')
mode = 'r', buffering = -1, encoding = 'utf-8', errors = None, newline = None

    def open(self, mode='r', buffering=-1, encoding=None,
             errors=None, newline=None):
        """
        Open the file pointed to by this path and return a file object, as
        the built-in open() function does.
        """
        if "b" not in mode:
            encoding = io.text_encoding(encoding)
&gt;       return io.open(self, mode, buffering, encoding, errors, newline)
               ^^^^^^^^^^^^^^^^^^^^^^^^^^^^^^^^^^^^^^^^^^^^^^^^^^^^^^^^^
E       FileNotFoundError: [Errno 2] No such file or directory: 'C:\\Users\\andre\\GitHub\\i3x2ua\\i3x_server\\openapi.json'

..\..\..\..\AppData\Roaming\uv\python\cpython-3.12-windows-x86_64-none\Lib\pathlib.py:1013: FileNotFoundError</error></testcase><testcase classname="tests.features.app.test_app" name="test_landing_page_with_mcp_enabled" time="0.079"><error message="failed on setup with &quot;FileNotFoundError: [Errno 2] No such file or directory: 'C:\\Users\\andre\\GitHub\\i3x2ua\\i3x_server\\openapi.json'&quot;">fixturedef = &lt;FixtureDef argname='client' scope='function' baseid='tests/features'&gt;
request = &lt;SubRequest 'client' for &lt;Function test_landing_page_with_mcp_enabled&gt;&gt;

    @pytest.hookimpl(wrapper=True)
    def pytest_fixture_setup(fixturedef: FixtureDef, request) -&gt; object | None:
        asyncio_mode = _get_asyncio_mode(request.config)
        if not _is_asyncio_fixture_function(fixturedef.func):
            if asyncio_mode == Mode.STRICT:
                # Ignore async fixtures without explicit asyncio mark in strict mode
                # This applies to pytest_trio fixtures, for example
                return (yield)
            if not _is_coroutine_or_asyncgen(fixturedef.func):
&gt;               return (yield)
                        ^^^^^

..\..\.venv\Lib\site-packages\pytest_asyncio\plugin.py:730: 
_ _ _ _ _ _ _ _ _ _ _ _ _ _ _ _ _ _ _ _ _ _ _ _ _ _ _ _ _ _ _ _ _ _ _ _ _ _ _ _
..\conftest.py:352: in client
    with TestClient(app) as test_client:
         ^^^^^^^^^^^^^^^
..\..\.venv\Lib\site-packages\starlette\testclient.py:688: in __enter__
    portal.call(self.wait_startup)
..\..\.venv\Lib\site-packages\anyio\from_thread.py:334: in call
    return cast(T_Retval, self.start_task_soon(func, *args).result())
                          ^^^^^^^^^^^^^^^^^^^^^^^^^^^^^^^^^^^^^^^^^^
..\..\..\..\AppData\Roaming\uv\python\cpython-3.12-windows-x86_64-none\Lib\concurrent\futures\_base.py:456: in result
    return self.__get_result()
           ^^^^^^^^^^^^^^^^^^^
..\..\..\..\AppData\Roaming\uv\python\cpython-3.12-windows-x86_64-none\Lib\concurrent\futures\_base.py:401: in __get_result
    raise self._exception
..\..\.venv\Lib\site-packages\anyio\from_thread.py:259: in _call_func
    retval = await retval_or_awaitable
             ^^^^^^^^^^^^^^^^^^^^^^^^^
..\..\.venv\Lib\site-packages\starlette\testclient.py:723: in wait_startup
    await receive()
..\..\.venv\Lib\site-packages\starlette\testclient.py:714: in receive
    self.task.result()
..\..\..\..\AppData\Roaming\uv\python\cpython-3.12-windows-x86_64-none\Lib\concurrent\futures\_base.py:449: in result
    return self.__get_result()
           ^^^^^^^^^^^^^^^^^^^
..\..\..\..\AppData\Roaming\uv\python\cpython-3.12-windows-x86_64-none\Lib\concurrent\futures\_base.py:401: in __get_result
    raise self._exception
..\..\.venv\Lib\site-packages\anyio\from_thread.py:259: in _call_func
    retval = await retval_or_awaitable
             ^^^^^^^^^^^^^^^^^^^^^^^^^
..\..\.venv\Lib\site-packages\starlette\testclient.py:704: in lifespan
    await self.app(scope, self.stream_receive.receive, self.stream_send.send)
..\..\.venv\Lib\site-packages\fastapi\applications.py:1160: in __call__
    await super().__call__(scope, receive, send)
..\..\.venv\Lib\site-packages\starlette\applications.py:90: in __call__
    await self.middleware_stack(scope, receive, send)
..\..\.venv\Lib\site-packages\starlette\middleware\errors.py:151: in __call__
    await self.app(scope, receive, send)
..\..\.venv\Lib\site-packages\starlette\middleware\base.py:103: in __call__
    await self.app(scope, receive, send)
..\..\.venv\Lib\site-packages\starlette\middleware\base.py:103: in __call__
    await self.app(scope, receive, send)
..\..\.venv\Lib\site-packages\starlette\middleware\gzip.py:19: in __call__
    await self.app(scope, receive, send)
..\..\.venv\Lib\site-packages\starlette\middleware\exceptions.py:49: in __call__
    await self.app(scope, receive, send)
..\..\.venv\Lib\site-packages\fastapi\middleware\asyncexitstack.py:18: in __call__
    await self.app(scope, receive, send)
..\..\.venv\Lib\site-packages\starlette\routing.py:660: in __call__
    await self.middleware_stack(scope, receive, send)
..\..\.venv\Lib\site-packages\starlette\routing.py:669: in app
    await self.lifespan(scope, receive, send)
..\..\.venv\Lib\site-packages\starlette\routing.py:638: in lifespan
    async with self.lifespan_context(app) as maybe_state:
               ^^^^^^^^^^^^^^^^^^^^^^^^^^
..\..\..\..\AppData\Roaming\uv\python\cpython-3.12-windows-x86_64-none\Lib\contextlib.py:210: in __aenter__
    return await anext(self.gen)
           ^^^^^^^^^^^^^^^^^^^^^
..\..\.venv\Lib\site-packages\fastapi\routing.py:212: in merged_lifespan
    async with original_context(app) as maybe_original_state:
               ^^^^^^^^^^^^^^^^^^^^^
..\..\..\..\AppData\Roaming\uv\python\cpython-3.12-windows-x86_64-none\Lib\contextlib.py:210: in __aenter__
    return await anext(self.gen)
           ^^^^^^^^^^^^^^^^^^^^^
..\..\.venv\Lib\site-packages\fastapi\routing.py:212: in merged_lifespan
    async with original_context(app) as maybe_original_state:
               ^^^^^^^^^^^^^^^^^^^^^
..\..\..\..\AppData\Roaming\uv\python\cpython-3.12-windows-x86_64-none\Lib\contextlib.py:210: in __aenter__
    return await anext(self.gen)
           ^^^^^^^^^^^^^^^^^^^^^
..\..\.venv\Lib\site-packages\fastapi\routing.py:212: in merged_lifespan
    async with original_context(app) as maybe_original_state:
               ^^^^^^^^^^^^^^^^^^^^^
..\..\..\..\AppData\Roaming\uv\python\cpython-3.12-windows-x86_64-none\Lib\contextlib.py:210: in __aenter__
    return await anext(self.gen)
           ^^^^^^^^^^^^^^^^^^^^^
..\..\i3x_server\bootstrap\app_factory.py:163: in lifespan
    openapi_spec = app.openapi()
                   ^^^^^^^^^^^^^
..\..\i3x_server\bootstrap\app_factory.py:226: in custom_openapi
    openapi_override = json.loads(openapi_doc_path.read_text(encoding="utf-8"))
                                  ^^^^^^^^^^^^^^^^^^^^^^^^^^^^^^^^^^^^^^^^^^^^
..\..\..\..\AppData\Roaming\uv\python\cpython-3.12-windows-x86_64-none\Lib\pathlib.py:1027: in read_text
    with self.open(mode='r', encoding=encoding, errors=errors) as f:
         ^^^^^^^^^^^^^^^^^^^^^^^^^^^^^^^^^^^^^^^^^^^^^^^^^^^^^
_ _ _ _ _ _ _ _ _ _ _ _ _ _ _ _ _ _ _ _ _ _ _ _ _ _ _ _ _ _ _ _ _ _ _ _ _ _ _ _

self = WindowsPath('C:/Users/andre/GitHub/i3x2ua/i3x_server/openapi.json')
mode = 'r', buffering = -1, encoding = 'utf-8', errors = None, newline = None

    def open(self, mode='r', buffering=-1, encoding=None,
             errors=None, newline=None):
        """
        Open the file pointed to by this path and return a file object, as
        the built-in open() function does.
        """
        if "b" not in mode:
            encoding = io.text_encoding(encoding)
&gt;       return io.open(self, mode, buffering, encoding, errors, newline)
               ^^^^^^^^^^^^^^^^^^^^^^^^^^^^^^^^^^^^^^^^^^^^^^^^^^^^^^^^^
E       FileNotFoundError: [Errno 2] No such file or directory: 'C:\\Users\\andre\\GitHub\\i3x2ua\\i3x_server\\openapi.json'

..\..\..\..\AppData\Roaming\uv\python\cpython-3.12-windows-x86_64-none\Lib\pathlib.py:1013: FileNotFoundError</error></testcase><testcase classname="tests.features.app.test_app" name="test_landing_page_with_mcp_disabled" time="0.080"><failure message="FileNotFoundError: [Errno 2] No such file or directory: 'C:\\Users\\andre\\GitHub\\i3x2ua\\i3x_server\\openapi.json'">+ Exception Group Traceback (most recent call last):
  |   File "C:\Users\andre\GitHub\i3x2ua\.venv\Lib\site-packages\starlette\_utils.py", line 81, in collapse_excgroups
  |     yield
  |   File "C:\Users\andre\GitHub\i3x2ua\.venv\Lib\site-packages\starlette\middleware\base.py", line 192, in __call__
  |     async with anyio.create_task_group() as task_group:
  |                ^^^^^^^^^^^^^^^^^^^^^^^^^
  |   File "C:\Users\andre\GitHub\i3x2ua\.venv\Lib\site-packages\anyio\_backends\_asyncio.py", line 783, in __aexit__
  |     raise BaseExceptionGroup(
  | ExceptionGroup: unhandled errors in a TaskGroup (1 sub-exception)
  +-+---------------- 1 ----------------
    | Traceback (most recent call last):
    |   File "C:\Users\andre\GitHub\i3x2ua\.venv\Lib\site-packages\_pytest\runner.py", line 353, in from_call
    |     result: TResult | None = func()
    |                              ^^^^^^
    |   File "C:\Users\andre\GitHub\i3x2ua\.venv\Lib\site-packages\_pytest\runner.py", line 245, in &lt;lambda&gt;
    |     lambda: runtest_hook(item=item, **kwds),
    |             ^^^^^^^^^^^^^^^^^^^^^^^^^^^^^^^
    |   File "C:\Users\andre\GitHub\i3x2ua\.venv\Lib\site-packages\pluggy\_hooks.py", line 512, in __call__
    |     return self._hookexec(self.name, self._hookimpls.copy(), kwargs, firstresult)
    |            ^^^^^^^^^^^^^^^^^^^^^^^^^^^^^^^^^^^^^^^^^^^^^^^^^^^^^^^^^^^^^^^^^^^^^^
    |   File "C:\Users\andre\GitHub\i3x2ua\.venv\Lib\site-packages\pluggy\_manager.py", line 120, in _hookexec
    |     return self._inner_hookexec(hook_name, methods, kwargs, firstresult)
    |            ^^^^^^^^^^^^^^^^^^^^^^^^^^^^^^^^^^^^^^^^^^^^^^^^^^^^^^^^^^^^^
    |   File "C:\Users\andre\GitHub\i3x2ua\.venv\Lib\site-packages\pluggy\_callers.py", line 167, in _multicall
    |     raise exception
    |   File "C:\Users\andre\GitHub\i3x2ua\.venv\Lib\site-packages\pluggy\_callers.py", line 139, in _multicall
    |     teardown.throw(exception)
    |   File "C:\Users\andre\GitHub\i3x2ua\.venv\Lib\site-packages\_pytest\logging.py", line 850, in pytest_runtest_call
    |     yield
    |   File "C:\Users\andre\GitHub\i3x2ua\.venv\Lib\site-packages\pluggy\_callers.py", line 139, in _multicall
    |     teardown.throw(exception)
    |   File "C:\Users\andre\GitHub\i3x2ua\.venv\Lib\site-packages\pluggy\_callers.py", line 53, in run_old_style_hookwrapper
    |     return result.get_result()
    |            ^^^^^^^^^^^^^^^^^^^
    |   File "C:\Users\andre\GitHub\i3x2ua\.venv\Lib\site-packages\pluggy\_result.py", line 103, in get_result
    |     raise exc.with_traceback(tb)
    |   File "C:\Users\andre\GitHub\i3x2ua\.venv\Lib\site-packages\pluggy\_callers.py", line 38, in run_old_style_hookwrapper
    |     res = yield
    |           ^^^^^
    |   File "C:\Users\andre\GitHub\i3x2ua\.venv\Lib\site-packages\pluggy\_callers.py", line 139, in _multicall
    |     teardown.throw(exception)
    |   File "C:\Users\andre\GitHub\i3x2ua\.venv\Lib\site-packages\_pytest\capture.py", line 900, in pytest_runtest_call
    |     return (yield)
    |             ^^^^^
    |   File "C:\Users\andre\GitHub\i3x2ua\.venv\Lib\site-packages\pluggy\_callers.py", line 139, in _multicall
    |     teardown.throw(exception)
    |   File "C:\Users\andre\GitHub\i3x2ua\.venv\Lib\site-packages\_pytest\skipping.py", line 268, in pytest_runtest_call
    |     return (yield)
    |             ^^^^^
    |   File "C:\Users\andre\GitHub\i3x2ua\.venv\Lib\site-packages\pluggy\_callers.py", line 121, in _multicall
    |     res = hook_impl.function(*args)
    |           ^^^^^^^^^^^^^^^^^^^^^^^^^
    |   File "C:\Users\andre\GitHub\i3x2ua\.venv\Lib\site-packages\_pytest\runner.py", line 179, in pytest_runtest_call
    |     item.runtest()
    |   File "C:\Users\andre\GitHub\i3x2ua\.venv\Lib\site-packages\_pytest\python.py", line 1720, in runtest
    |     self.ihook.pytest_pyfunc_call(pyfuncitem=self)
    |   File "C:\Users\andre\GitHub\i3x2ua\.venv\Lib\site-packages\pluggy\_hooks.py", line 512, in __call__
    |     return self._hookexec(self.name, self._hookimpls.copy(), kwargs, firstresult)
    |            ^^^^^^^^^^^^^^^^^^^^^^^^^^^^^^^^^^^^^^^^^^^^^^^^^^^^^^^^^^^^^^^^^^^^^^
    |   File "C:\Users\andre\GitHub\i3x2ua\.venv\Lib\site-packages\pluggy\_manager.py", line 120, in _hookexec
    |     return self._inner_hookexec(hook_name, methods, kwargs, firstresult)
    |            ^^^^^^^^^^^^^^^^^^^^^^^^^^^^^^^^^^^^^^^^^^^^^^^^^^^^^^^^^^^^^
    |   File "C:\Users\andre\GitHub\i3x2ua\.venv\Lib\site-packages\pluggy\_callers.py", line 167, in _multicall
    |     raise exception
    |   File "C:\Users\andre\GitHub\i3x2ua\.venv\Lib\site-packages\pluggy\_callers.py", line 139, in _multicall
    |     teardown.throw(exception)
    |   File "C:\Users\andre\GitHub\i3x2ua\.venv\Lib\site-packages\pluggy\_callers.py", line 53, in run_old_style_hookwrapper
    |     return result.get_result()
    |            ^^^^^^^^^^^^^^^^^^^
    |   File "C:\Users\andre\GitHub\i3x2ua\.venv\Lib\site-packages\pluggy\_result.py", line 103, in get_result
    |     raise exc.with_traceback(tb)
    |   File "C:\Users\andre\GitHub\i3x2ua\.venv\Lib\site-packages\pluggy\_callers.py", line 38, in run_old_style_hookwrapper
    |     res = yield
    |           ^^^^^
    |   File "C:\Users\andre\GitHub\i3x2ua\.venv\Lib\site-packages\pluggy\_callers.py", line 121, in _multicall
    |     res = hook_impl.function(*args)
    |           ^^^^^^^^^^^^^^^^^^^^^^^^^
    |   File "C:\Users\andre\GitHub\i3x2ua\.venv\Lib\site-packages\_pytest\python.py", line 166, in pytest_pyfunc_call
    |     result = testfunction(**testargs)
    |              ^^^^^^^^^^^^^^^^^^^^^^^^
    |   File "C:\Users\andre\GitHub\i3x2ua\tests\features\app\test_app.py", line 41, in test_landing_page_with_mcp_disabled
    |     response = client_without_mcp.get("/")
    |                ^^^^^^^^^^^^^^^^^^^^^^^^^^^
    |   File "C:\Users\andre\GitHub\i3x2ua\.venv\Lib\site-packages\starlette\testclient.py", line 473, in get
    |     return super().get(
    |            ^^^^^^^^^^^^
    |   File "C:\Users\andre\GitHub\i3x2ua\.venv\Lib\site-packages\httpx\_client.py", line 1053, in get
    |     return self.request(
    |            ^^^^^^^^^^^^^
    |   File "C:\Users\andre\GitHub\i3x2ua\.venv\Lib\site-packages\starlette\testclient.py", line 445, in request
    |     return super().request(
    |            ^^^^^^^^^^^^^^^^
    |   File "C:\Users\andre\GitHub\i3x2ua\.venv\Lib\site-packages\httpx\_client.py", line 825, in request
    |     return self.send(request, auth=auth, follow_redirects=follow_redirects)
    |            ^^^^^^^^^^^^^^^^^^^^^^^^^^^^^^^^^^^^^^^^^^^^^^^^^^^^^^^^^^^^^^^^
    |   File "C:\Users\andre\GitHub\i3x2ua\.venv\Lib\site-packages\httpx\_client.py", line 914, in send
    |     response = self._send_handling_auth(
    |                ^^^^^^^^^^^^^^^^^^^^^^^^^
    |   File "C:\Users\andre\GitHub\i3x2ua\.venv\Lib\site-packages\httpx\_client.py", line 942, in _send_handling_auth
    |     response = self._send_handling_redirects(
    |                ^^^^^^^^^^^^^^^^^^^^^^^^^^^^^^
    |   File "C:\Users\andre\GitHub\i3x2ua\.venv\Lib\site-packages\httpx\_client.py", line 979, in _send_handling_redirects
    |     response = self._send_single_request(request)
    |                ^^^^^^^^^^^^^^^^^^^^^^^^^^^^^^^^^^
    |   File "C:\Users\andre\GitHub\i3x2ua\.venv\Lib\site-packages\httpx\_client.py", line 1014, in _send_single_request
    |     response = transport.handle_request(request)
    |                ^^^^^^^^^^^^^^^^^^^^^^^^^^^^^^^^^
    |   File "C:\Users\andre\GitHub\i3x2ua\.venv\Lib\site-packages\starlette\testclient.py", line 348, in handle_request
    |     raise exc
    |   File "C:\Users\andre\GitHub\i3x2ua\.venv\Lib\site-packages\starlette\testclient.py", line 345, in handle_request
    |     portal.call(self.app, scope, receive, send)
    |   File "C:\Users\andre\GitHub\i3x2ua\.venv\Lib\site-packages\anyio\from_thread.py", line 334, in call
    |     return cast(T_Retval, self.start_task_soon(func, *args).result())
    |                           ^^^^^^^^^^^^^^^^^^^^^^^^^^^^^^^^^^^^^^^^^^
    |   File "C:\Users\andre\AppData\Roaming\uv\python\cpython-3.12-windows-x86_64-none\Lib\concurrent\futures\_base.py", line 456, in result
    |     return self.__get_result()
    |            ^^^^^^^^^^^^^^^^^^^
    |   File "C:\Users\andre\AppData\Roaming\uv\python\cpython-3.12-windows-x86_64-none\Lib\concurrent\futures\_base.py", line 401, in __get_result
    |     raise self._exception
    |   File "C:\Users\andre\GitHub\i3x2ua\.venv\Lib\site-packages\anyio\from_thread.py", line 259, in _call_func
    |     retval = await retval_or_awaitable
    |              ^^^^^^^^^^^^^^^^^^^^^^^^^
    |   File "C:\Users\andre\GitHub\i3x2ua\.venv\Lib\site-packages\fastapi\applications.py", line 1160, in __call__
    |     await super().__call__(scope, receive, send)
    |   File "C:\Users\andre\GitHub\i3x2ua\.venv\Lib\site-packages\starlette\applications.py", line 90, in __call__
    |     await self.middleware_stack(scope, receive, send)
    |   File "C:\Users\andre\GitHub\i3x2ua\.venv\Lib\site-packages\starlette\middleware\errors.py", line 186, in __call__
    |     raise exc
    |   File "C:\Users\andre\GitHub\i3x2ua\.venv\Lib\site-packages\starlette\middleware\errors.py", line 164, in __call__
    |     await self.app(scope, receive, _send)
    |   File "C:\Users\andre\GitHub\i3x2ua\.venv\Lib\site-packages\starlette\middleware\base.py", line 191, in __call__
    |     with recv_stream, send_stream, collapse_excgroups():
    |                                    ^^^^^^^^^^^^^^^^^^^^
    |   File "C:\Users\andre\AppData\Roaming\uv\python\cpython-3.12-windows-x86_64-none\Lib\contextlib.py", line 158, in __exit__
    |     self.gen.throw(value)
    |   File "C:\Users\andre\GitHub\i3x2ua\.venv\Lib\site-packages\starlette\_utils.py", line 87, in collapse_excgroups
    |     raise exc
    |   File "C:\Users\andre\GitHub\i3x2ua\.venv\Lib\site-packages\starlette\middleware\base.py", line 193, in __call__
    |     response = await self.dispatch_func(request, call_next)
    |                ^^^^^^^^^^^^^^^^^^^^^^^^^^^^^^^^^^^^^^^^^^^^
    |   File "C:\Users\andre\GitHub\i3x2ua\i3x_server\bootstrap\app_factory.py", line 769, in log_http_requests
    |     response = await call_next(request)
    |                ^^^^^^^^^^^^^^^^^^^^^^^^
    |   File "C:\Users\andre\GitHub\i3x2ua\.venv\Lib\site-packages\starlette\middleware\base.py", line 168, in call_next
    |     raise app_exc from app_exc.__cause__ or app_exc.__context__
    |   File "C:\Users\andre\GitHub\i3x2ua\.venv\Lib\site-packages\starlette\middleware\base.py", line 144, in coro
    |     await self.app(scope, receive_or_disconnect, send_no_error)
    |   File "C:\Users\andre\GitHub\i3x2ua\.venv\Lib\site-packages\starlette\middleware\base.py", line 191, in __call__
    |     with recv_stream, send_stream, collapse_excgroups():
    |                                    ^^^^^^^^^^^^^^^^^^^^
    |   File "C:\Users\andre\AppData\Roaming\uv\python\cpython-3.12-windows-x86_64-none\Lib\contextlib.py", line 158, in __exit__
    |     self.gen.throw(value)
    |   File "C:\Users\andre\GitHub\i3x2ua\.venv\Lib\site-packages\starlette\_utils.py", line 87, in collapse_excgroups
    |     raise exc
    |   File "C:\Users\andre\GitHub\i3x2ua\.venv\Lib\site-packages\starlette\middleware\base.py", line 193, in __call__
    |     response = await self.dispatch_func(request, call_next)
    |                ^^^^^^^^^^^^^^^^^^^^^^^^^^^^^^^^^^^^^^^^^^^^
    |   File "C:\Users\andre\GitHub\i3x2ua\i3x_server\bootstrap\app_factory.py", line 741, in add_security_headers
    |     response = await call_next(request)
    |                ^^^^^^^^^^^^^^^^^^^^^^^^
    |   File "C:\Users\andre\GitHub\i3x2ua\.venv\Lib\site-packages\starlette\middleware\base.py", line 168, in call_next
    |     raise app_exc from app_exc.__cause__ or app_exc.__context__
    |   File "C:\Users\andre\GitHub\i3x2ua\.venv\Lib\site-packages\starlette\middleware\base.py", line 144, in coro
    |     await self.app(scope, receive_or_disconnect, send_no_error)
    |   File "C:\Users\andre\GitHub\i3x2ua\.venv\Lib\site-packages\starlette\middleware\gzip.py", line 29, in __call__
    |     await responder(scope, receive, send)
    |   File "C:\Users\andre\GitHub\i3x2ua\.venv\Lib\site-packages\starlette\middleware\gzip.py", line 130, in __call__
    |     await super().__call__(scope, receive, send)
    |   File "C:\Users\andre\GitHub\i3x2ua\.venv\Lib\site-packages\starlette\middleware\gzip.py", line 46, in __call__
    |     await self.app(scope, receive, self.send_with_compression)
    |   File "C:\Users\andre\GitHub\i3x2ua\.venv\Lib\site-packages\starlette\middleware\exceptions.py", line 63, in __call__
    |     await wrap_app_handling_exceptions(self.app, conn)(scope, receive, send)
    |   File "C:\Users\andre\GitHub\i3x2ua\.venv\Lib\site-packages\starlette\_exception_handler.py", line 53, in wrapped_app
    |     raise exc
    |   File "C:\Users\andre\GitHub\i3x2ua\.venv\Lib\site-packages\starlette\_exception_handler.py", line 42, in wrapped_app
    |     await app(scope, receive, sender)
    |   File "C:\Users\andre\GitHub\i3x2ua\.venv\Lib\site-packages\fastapi\middleware\asyncexitstack.py", line 18, in __call__
    |     await self.app(scope, receive, send)
    |   File "C:\Users\andre\GitHub\i3x2ua\.venv\Lib\site-packages\starlette\routing.py", line 660, in __call__
    |     await self.middleware_stack(scope, receive, send)
    |   File "C:\Users\andre\GitHub\i3x2ua\.venv\Lib\site-packages\starlette\routing.py", line 680, in app
    |     await route.handle(scope, receive, send)
    |   File "C:\Users\andre\GitHub\i3x2ua\.venv\Lib\site-packages\starlette\routing.py", line 276, in handle
    |     await self.app(scope, receive, send)
    |   File "C:\Users\andre\GitHub\i3x2ua\.venv\Lib\site-packages\fastapi\routing.py", line 130, in app
    |     await wrap_app_handling_exceptions(app, request)(scope, receive, send)
    |   File "C:\Users\andre\GitHub\i3x2ua\.venv\Lib\site-packages\starlette\_exception_handler.py", line 53, in wrapped_app
    |     raise exc
    |   File "C:\Users\andre\GitHub\i3x2ua\.venv\Lib\site-packages\starlette\_exception_handler.py", line 42, in wrapped_app
    |     await app(scope, receive, sender)
    |   File "C:\Users\andre\GitHub\i3x2ua\.venv\Lib\site-packages\fastapi\routing.py", line 116, in app
    |     response = await f(request)
    |                ^^^^^^^^^^^^^^^^
    |   File "C:\Users\andre\GitHub\i3x2ua\.venv\Lib\site-packages\fastapi\routing.py", line 670, in app
    |     raw_response = await run_endpoint_function(
    |                    ^^^^^^^^^^^^^^^^^^^^^^^^^^^^
    |   File "C:\Users\andre\GitHub\i3x2ua\.venv\Lib\site-packages\fastapi\routing.py", line 324, in run_endpoint_function
    |     return await dependant.call(**values)
    |            ^^^^^^^^^^^^^^^^^^^^^^^^^^^^^^
    |   File "C:\Users\andre\GitHub\i3x2ua\i3x_server\bootstrap\app_factory.py", line 241, in landing
    |     openapi_spec = custom_openapi()
    |                    ^^^^^^^^^^^^^^^^
    |   File "C:\Users\andre\GitHub\i3x2ua\i3x_server\bootstrap\app_factory.py", line 226, in custom_openapi
    |     openapi_override = json.loads(openapi_doc_path.read_text(encoding="utf-8"))
    |                                   ^^^^^^^^^^^^^^^^^^^^^^^^^^^^^^^^^^^^^^^^^^^^
    |   File "C:\Users\andre\AppData\Roaming\uv\python\cpython-3.12-windows-x86_64-none\Lib\pathlib.py", line 1027, in read_text
    |     with self.open(mode='r', encoding=encoding, errors=errors) as f:
    |          ^^^^^^^^^^^^^^^^^^^^^^^^^^^^^^^^^^^^^^^^^^^^^^^^^^^^^
    |   File "C:\Users\andre\AppData\Roaming\uv\python\cpython-3.12-windows-x86_64-none\Lib\pathlib.py", line 1013, in open
    |     return io.open(self, mode, buffering, encoding, errors, newline)
    |            ^^^^^^^^^^^^^^^^^^^^^^^^^^^^^^^^^^^^^^^^^^^^^^^^^^^^^^^^^
    | FileNotFoundError: [Errno 2] No such file or directory: 'C:\\Users\\andre\\GitHub\\i3x2ua\\i3x_server\\openapi.json'
    +------------------------------------

The above exception was the direct cause of the following exception:

Traceback (most recent call last):
  File "C:\Users\andre\GitHub\i3x2ua\tests\features\app\test_app.py", line 41, in test_landing_page_with_mcp_disabled
    response = client_without_mcp.get("/")
               ^^^^^^^^^^^^^^^^^^^^^^^^^^^
  File "C:\Users\andre\GitHub\i3x2ua\.venv\Lib\site-packages\starlette\testclient.py", line 473, in get
    return super().get(
           ^^^^^^^^^^^^
  File "C:\Users\andre\GitHub\i3x2ua\.venv\Lib\site-packages\httpx\_client.py", line 1053, in get
    return self.request(
           ^^^^^^^^^^^^^
  File "C:\Users\andre\GitHub\i3x2ua\.venv\Lib\site-packages\starlette\testclient.py", line 445, in request
    return super().request(
           ^^^^^^^^^^^^^^^^
  File "C:\Users\andre\GitHub\i3x2ua\.venv\Lib\site-packages\httpx\_client.py", line 825, in request
    return self.send(request, auth=auth, follow_redirects=follow_redirects)
           ^^^^^^^^^^^^^^^^^^^^^^^^^^^^^^^^^^^^^^^^^^^^^^^^^^^^^^^^^^^^^^^^
  File "C:\Users\andre\GitHub\i3x2ua\.venv\Lib\site-packages\httpx\_client.py", line 914, in send
    response = self._send_handling_auth(
               ^^^^^^^^^^^^^^^^^^^^^^^^^
  File "C:\Users\andre\GitHub\i3x2ua\.venv\Lib\site-packages\httpx\_client.py", line 942, in _send_handling_auth
    response = self._send_handling_redirects(
               ^^^^^^^^^^^^^^^^^^^^^^^^^^^^^^
  File "C:\Users\andre\GitHub\i3x2ua\.venv\Lib\site-packages\httpx\_client.py", line 979, in _send_handling_redirects
    response = self._send_single_request(request)
               ^^^^^^^^^^^^^^^^^^^^^^^^^^^^^^^^^^
  File "C:\Users\andre\GitHub\i3x2ua\.venv\Lib\site-packages\httpx\_client.py", line 1014, in _send_single_request
    response = transport.handle_request(request)
               ^^^^^^^^^^^^^^^^^^^^^^^^^^^^^^^^^
  File "C:\Users\andre\GitHub\i3x2ua\.venv\Lib\site-packages\starlette\testclient.py", line 348, in handle_request
    raise exc
  File "C:\Users\andre\GitHub\i3x2ua\.venv\Lib\site-packages\starlette\testclient.py", line 345, in handle_request
    portal.call(self.app, scope, receive, send)
  File "C:\Users\andre\GitHub\i3x2ua\.venv\Lib\site-packages\anyio\from_thread.py", line 334, in call
    return cast(T_Retval, self.start_task_soon(func, *args).result())
                          ^^^^^^^^^^^^^^^^^^^^^^^^^^^^^^^^^^^^^^^^^^
  File "C:\Users\andre\AppData\Roaming\uv\python\cpython-3.12-windows-x86_64-none\Lib\concurrent\futures\_base.py", line 456, in result
    return self.__get_result()
           ^^^^^^^^^^^^^^^^^^^
  File "C:\Users\andre\AppData\Roaming\uv\python\cpython-3.12-windows-x86_64-none\Lib\concurrent\futures\_base.py", line 401, in __get_result
    raise self._exception
  File "C:\Users\andre\GitHub\i3x2ua\.venv\Lib\site-packages\anyio\from_thread.py", line 259, in _call_func
    retval = await retval_or_awaitable
             ^^^^^^^^^^^^^^^^^^^^^^^^^
  File "C:\Users\andre\GitHub\i3x2ua\.venv\Lib\site-packages\fastapi\applications.py", line 1160, in __call__
    await super().__call__(scope, receive, send)
  File "C:\Users\andre\GitHub\i3x2ua\.venv\Lib\site-packages\starlette\applications.py", line 90, in __call__
    await self.middleware_stack(scope, receive, send)
  File "C:\Users\andre\GitHub\i3x2ua\.venv\Lib\site-packages\starlette\middleware\errors.py", line 186, in __call__
    raise exc
  File "C:\Users\andre\GitHub\i3x2ua\.venv\Lib\site-packages\starlette\middleware\errors.py", line 164, in __call__
    await self.app(scope, receive, _send)
  File "C:\Users\andre\GitHub\i3x2ua\.venv\Lib\site-packages\starlette\middleware\base.py", line 191, in __call__
    with recv_stream, send_stream, collapse_excgroups():
                                   ^^^^^^^^^^^^^^^^^^^^
  File "C:\Users\andre\AppData\Roaming\uv\python\cpython-3.12-windows-x86_64-none\Lib\contextlib.py", line 158, in __exit__
    self.gen.throw(value)
  File "C:\Users\andre\GitHub\i3x2ua\.venv\Lib\site-packages\starlette\_utils.py", line 87, in collapse_excgroups
    raise exc
  File "C:\Users\andre\GitHub\i3x2ua\.venv\Lib\site-packages\starlette\middleware\base.py", line 193, in __call__
    response = await self.dispatch_func(request, call_next)
               ^^^^^^^^^^^^^^^^^^^^^^^^^^^^^^^^^^^^^^^^^^^^
  File "C:\Users\andre\GitHub\i3x2ua\i3x_server\bootstrap\app_factory.py", line 769, in log_http_requests
    response = await call_next(request)
               ^^^^^^^^^^^^^^^^^^^^^^^^
  File "C:\Users\andre\GitHub\i3x2ua\.venv\Lib\site-packages\starlette\middleware\base.py", line 168, in call_next
    raise app_exc from app_exc.__cause__ or app_exc.__context__
  File "C:\Users\andre\GitHub\i3x2ua\.venv\Lib\site-packages\starlette\middleware\base.py", line 144, in coro
    await self.app(scope, receive_or_disconnect, send_no_error)
  File "C:\Users\andre\GitHub\i3x2ua\.venv\Lib\site-packages\starlette\middleware\base.py", line 191, in __call__
    with recv_stream, send_stream, collapse_excgroups():
                                   ^^^^^^^^^^^^^^^^^^^^
  File "C:\Users\andre\AppData\Roaming\uv\python\cpython-3.12-windows-x86_64-none\Lib\contextlib.py", line 158, in __exit__
    self.gen.throw(value)
  File "C:\Users\andre\GitHub\i3x2ua\.venv\Lib\site-packages\starlette\_utils.py", line 87, in collapse_excgroups
    raise exc
  File "C:\Users\andre\GitHub\i3x2ua\.venv\Lib\site-packages\starlette\middleware\base.py", line 193, in __call__
    response = await self.dispatch_func(request, call_next)
               ^^^^^^^^^^^^^^^^^^^^^^^^^^^^^^^^^^^^^^^^^^^^
  File "C:\Users\andre\GitHub\i3x2ua\i3x_server\bootstrap\app_factory.py", line 741, in add_security_headers
    response = await call_next(request)
               ^^^^^^^^^^^^^^^^^^^^^^^^
  File "C:\Users\andre\GitHub\i3x2ua\.venv\Lib\site-packages\starlette\middleware\base.py", line 168, in call_next
    raise app_exc from app_exc.__cause__ or app_exc.__context__
  File "C:\Users\andre\GitHub\i3x2ua\.venv\Lib\site-packages\starlette\middleware\base.py", line 144, in coro
    await self.app(scope, receive_or_disconnect, send_no_error)
  File "C:\Users\andre\GitHub\i3x2ua\.venv\Lib\site-packages\starlette\middleware\gzip.py", line 29, in __call__
    await responder(scope, receive, send)
  File "C:\Users\andre\GitHub\i3x2ua\.venv\Lib\site-packages\starlette\middleware\gzip.py", line 130, in __call__
    await super().__call__(scope, receive, send)
  File "C:\Users\andre\GitHub\i3x2ua\.venv\Lib\site-packages\starlette\middleware\gzip.py", line 46, in __call__
    await self.app(scope, receive, self.send_with_compression)
  File "C:\Users\andre\GitHub\i3x2ua\.venv\Lib\site-packages\starlette\middleware\exceptions.py", line 63, in __call__
    await wrap_app_handling_exceptions(self.app, conn)(scope, receive, send)
  File "C:\Users\andre\GitHub\i3x2ua\.venv\Lib\site-packages\starlette\_exception_handler.py", line 53, in wrapped_app
    raise exc
  File "C:\Users\andre\GitHub\i3x2ua\.venv\Lib\site-packages\starlette\_exception_handler.py", line 42, in wrapped_app
    await app(scope, receive, sender)
  File "C:\Users\andre\GitHub\i3x2ua\.venv\Lib\site-packages\fastapi\middleware\asyncexitstack.py", line 18, in __call__
    await self.app(scope, receive, send)
  File "C:\Users\andre\GitHub\i3x2ua\.venv\Lib\site-packages\starlette\routing.py", line 660, in __call__
    await self.middleware_stack(scope, receive, send)
  File "C:\Users\andre\GitHub\i3x2ua\.venv\Lib\site-packages\starlette\routing.py", line 680, in app
    await route.handle(scope, receive, send)
  File "C:\Users\andre\GitHub\i3x2ua\.venv\Lib\site-packages\starlette\routing.py", line 276, in handle
    await self.app(scope, receive, send)
  File "C:\Users\andre\GitHub\i3x2ua\.venv\Lib\site-packages\fastapi\routing.py", line 130, in app
    await wrap_app_handling_exceptions(app, request)(scope, receive, send)
  File "C:\Users\andre\GitHub\i3x2ua\.venv\Lib\site-packages\starlette\_exception_handler.py", line 53, in wrapped_app
    raise exc
  File "C:\Users\andre\GitHub\i3x2ua\.venv\Lib\site-packages\starlette\_exception_handler.py", line 42, in wrapped_app
    await app(scope, receive, sender)
  File "C:\Users\andre\GitHub\i3x2ua\.venv\Lib\site-packages\fastapi\routing.py", line 116, in app
    response = await f(request)
               ^^^^^^^^^^^^^^^^
  File "C:\Users\andre\GitHub\i3x2ua\.venv\Lib\site-packages\fastapi\routing.py", line 670, in app
    raw_response = await run_endpoint_function(
                   ^^^^^^^^^^^^^^^^^^^^^^^^^^^^
  File "C:\Users\andre\GitHub\i3x2ua\.venv\Lib\site-packages\fastapi\routing.py", line 324, in run_endpoint_function
    return await dependant.call(**values)
           ^^^^^^^^^^^^^^^^^^^^^^^^^^^^^^
  File "C:\Users\andre\GitHub\i3x2ua\i3x_server\bootstrap\app_factory.py", line 241, in landing
    openapi_spec = custom_openapi()
                   ^^^^^^^^^^^^^^^^
  File "C:\Users\andre\GitHub\i3x2ua\i3x_server\bootstrap\app_factory.py", line 226, in custom_openapi
    openapi_override = json.loads(openapi_doc_path.read_text(encoding="utf-8"))
                                  ^^^^^^^^^^^^^^^^^^^^^^^^^^^^^^^^^^^^^^^^^^^^
  File "C:\Users\andre\AppData\Roaming\uv\python\cpython-3.12-windows-x86_64-none\Lib\pathlib.py", line 1027, in read_text
    with self.open(mode='r', encoding=encoding, errors=errors) as f:
         ^^^^^^^^^^^^^^^^^^^^^^^^^^^^^^^^^^^^^^^^^^^^^^^^^^^^^
  File "C:\Users\andre\AppData\Roaming\uv\python\cpython-3.12-windows-x86_64-none\Lib\pathlib.py", line 1013, in open
    return io.open(self, mode, buffering, encoding, errors, newline)
           ^^^^^^^^^^^^^^^^^^^^^^^^^^^^^^^^^^^^^^^^^^^^^^^^^^^^^^^^^
FileNotFoundError: [Errno 2] No such file or directory: 'C:\\Users\\andre\\GitHub\\i3x2ua\\i3x_server\\openapi.json'

The above exception was the direct cause of the following exception:

client_without_mcp = &lt;starlette.testclient.TestClient object at 0x000002383F727320&gt;

    def test_landing_page_with_mcp_disabled(client_without_mcp: TestClient) -&gt; None:
&gt;       response = client_without_mcp.get("/")
                   ^^^^^^^^^^^^^^^^^^^^^^^^^^^

app\test_app.py:41: 
_ _ _ _ _ _ _ _ _ _ _ _ _ _ _ _ _ _ _ _ _ _ _ _ _ _ _ _ _ _ _ _ _ _ _ _ _ _ _ _
..\..\.venv\Lib\site-packages\starlette\testclient.py:473: in get
    return super().get(
..\..\.venv\Lib\site-packages\httpx\_client.py:1053: in get
    return self.request(
..\..\.venv\Lib\site-packages\starlette\testclient.py:445: in request
    return super().request(
..\..\.venv\Lib\site-packages\httpx\_client.py:825: in request
    return self.send(request, auth=auth, follow_redirects=follow_redirects)
           ^^^^^^^^^^^^^^^^^^^^^^^^^^^^^^^^^^^^^^^^^^^^^^^^^^^^^^^^^^^^^^^^
..\..\.venv\Lib\site-packages\httpx\_client.py:914: in send
    response = self._send_handling_auth(
..\..\.venv\Lib\site-packages\httpx\_client.py:942: in _send_handling_auth
    response = self._send_handling_redirects(
..\..\.venv\Lib\site-packages\httpx\_client.py:979: in _send_handling_redirects
    response = self._send_single_request(request)
               ^^^^^^^^^^^^^^^^^^^^^^^^^^^^^^^^^^
..\..\.venv\Lib\site-packages\httpx\_client.py:1014: in _send_single_request
    response = transport.handle_request(request)
               ^^^^^^^^^^^^^^^^^^^^^^^^^^^^^^^^^
..\..\.venv\Lib\site-packages\starlette\testclient.py:348: in handle_request
    raise exc
..\..\.venv\Lib\site-packages\starlette\testclient.py:345: in handle_request
    portal.call(self.app, scope, receive, send)
..\..\.venv\Lib\site-packages\anyio\from_thread.py:334: in call
    return cast(T_Retval, self.start_task_soon(func, *args).result())
                          ^^^^^^^^^^^^^^^^^^^^^^^^^^^^^^^^^^^^^^^^^^
..\..\..\..\AppData\Roaming\uv\python\cpython-3.12-windows-x86_64-none\Lib\concurrent\futures\_base.py:456: in result
    return self.__get_result()
           ^^^^^^^^^^^^^^^^^^^
..\..\..\..\AppData\Roaming\uv\python\cpython-3.12-windows-x86_64-none\Lib\concurrent\futures\_base.py:401: in __get_result
    raise self._exception
..\..\.venv\Lib\site-packages\anyio\from_thread.py:259: in _call_func
    retval = await retval_or_awaitable
             ^^^^^^^^^^^^^^^^^^^^^^^^^
..\..\.venv\Lib\site-packages\fastapi\applications.py:1160: in __call__
    await super().__call__(scope, receive, send)
..\..\.venv\Lib\site-packages\starlette\applications.py:90: in __call__
    await self.middleware_stack(scope, receive, send)
..\..\.venv\Lib\site-packages\starlette\middleware\errors.py:186: in __call__
    raise exc
..\..\.venv\Lib\site-packages\starlette\middleware\errors.py:164: in __call__
    await self.app(scope, receive, _send)
..\..\.venv\Lib\site-packages\starlette\middleware\base.py:191: in __call__
    with recv_stream, send_stream, collapse_excgroups():
                                   ^^^^^^^^^^^^^^^^^^^^
..\..\..\..\AppData\Roaming\uv\python\cpython-3.12-windows-x86_64-none\Lib\contextlib.py:158: in __exit__
    self.gen.throw(value)
..\..\.venv\Lib\site-packages\starlette\_utils.py:87: in collapse_excgroups
    raise exc
..\..\.venv\Lib\site-packages\starlette\middleware\base.py:193: in __call__
    response = await self.dispatch_func(request, call_next)
               ^^^^^^^^^^^^^^^^^^^^^^^^^^^^^^^^^^^^^^^^^^^^
..\..\i3x_server\bootstrap\app_factory.py:769: in log_http_requests
    response = await call_next(request)
               ^^^^^^^^^^^^^^^^^^^^^^^^
..\..\.venv\Lib\site-packages\starlette\middleware\base.py:168: in call_next
    raise app_exc from app_exc.__cause__ or app_exc.__context__
..\..\.venv\Lib\site-packages\starlette\middleware\base.py:144: in coro
    await self.app(scope, receive_or_disconnect, send_no_error)
..\..\.venv\Lib\site-packages\starlette\middleware\base.py:191: in __call__
    with recv_stream, send_stream, collapse_excgroups():
                                   ^^^^^^^^^^^^^^^^^^^^
..\..\..\..\AppData\Roaming\uv\python\cpython-3.12-windows-x86_64-none\Lib\contextlib.py:158: in __exit__
    self.gen.throw(value)
..\..\.venv\Lib\site-packages\starlette\_utils.py:87: in collapse_excgroups
    raise exc
..\..\.venv\Lib\site-packages\starlette\middleware\base.py:193: in __call__
    response = await self.dispatch_func(request, call_next)
               ^^^^^^^^^^^^^^^^^^^^^^^^^^^^^^^^^^^^^^^^^^^^
..\..\i3x_server\bootstrap\app_factory.py:741: in add_security_headers
    response = await call_next(request)
               ^^^^^^^^^^^^^^^^^^^^^^^^
..\..\.venv\Lib\site-packages\starlette\middleware\base.py:168: in call_next
    raise app_exc from app_exc.__cause__ or app_exc.__context__
..\..\.venv\Lib\site-packages\starlette\middleware\base.py:144: in coro
    await self.app(scope, receive_or_disconnect, send_no_error)
..\..\.venv\Lib\site-packages\starlette\middleware\gzip.py:29: in __call__
    await responder(scope, receive, send)
..\..\.venv\Lib\site-packages\starlette\middleware\gzip.py:130: in __call__
    await super().__call__(scope, receive, send)
..\..\.venv\Lib\site-packages\starlette\middleware\gzip.py:46: in __call__
    await self.app(scope, receive, self.send_with_compression)
..\..\.venv\Lib\site-packages\starlette\middleware\exceptions.py:63: in __call__
    await wrap_app_handling_exceptions(self.app, conn)(scope, receive, send)
..\..\.venv\Lib\site-packages\starlette\_exception_handler.py:53: in wrapped_app
    raise exc
..\..\.venv\Lib\site-packages\starlette\_exception_handler.py:42: in wrapped_app
    await app(scope, receive, sender)
..\..\.venv\Lib\site-packages\fastapi\middleware\asyncexitstack.py:18: in __call__
    await self.app(scope, receive, send)
..\..\.venv\Lib\site-packages\starlette\routing.py:660: in __call__
    await self.middleware_stack(scope, receive, send)
..\..\.venv\Lib\site-packages\starlette\routing.py:680: in app
    await route.handle(scope, receive, send)
..\..\.venv\Lib\site-packages\starlette\routing.py:276: in handle
    await self.app(scope, receive, send)
..\..\.venv\Lib\site-packages\fastapi\routing.py:130: in app
    await wrap_app_handling_exceptions(app, request)(scope, receive, send)
..\..\.venv\Lib\site-packages\starlette\_exception_handler.py:53: in wrapped_app
    raise exc
..\..\.venv\Lib\site-packages\starlette\_exception_handler.py:42: in wrapped_app
    await app(scope, receive, sender)
..\..\.venv\Lib\site-packages\fastapi\routing.py:116: in app
    response = await f(request)
               ^^^^^^^^^^^^^^^^
..\..\.venv\Lib\site-packages\fastapi\routing.py:670: in app
    raw_response = await run_endpoint_function(
..\..\.venv\Lib\site-packages\fastapi\routing.py:324: in run_endpoint_function
    return await dependant.call(**values)
           ^^^^^^^^^^^^^^^^^^^^^^^^^^^^^^
..\..\i3x_server\bootstrap\app_factory.py:241: in landing
    openapi_spec = custom_openapi()
                   ^^^^^^^^^^^^^^^^
..\..\i3x_server\bootstrap\app_factory.py:226: in custom_openapi
    openapi_override = json.loads(openapi_doc_path.read_text(encoding="utf-8"))
                                  ^^^^^^^^^^^^^^^^^^^^^^^^^^^^^^^^^^^^^^^^^^^^
..\..\..\..\AppData\Roaming\uv\python\cpython-3.12-windows-x86_64-none\Lib\pathlib.py:1027: in read_text
    with self.open(mode='r', encoding=encoding, errors=errors) as f:
         ^^^^^^^^^^^^^^^^^^^^^^^^^^^^^^^^^^^^^^^^^^^^^^^^^^^^^
_ _ _ _ _ _ _ _ _ _ _ _ _ _ _ _ _ _ _ _ _ _ _ _ _ _ _ _ _ _ _ _ _ _ _ _ _ _ _ _

self = WindowsPath('C:/Users/andre/GitHub/i3x2ua/i3x_server/openapi.json')
mode = 'r', buffering = -1, encoding = 'utf-8', errors = None, newline = None

    def open(self, mode='r', buffering=-1, encoding=None,
             errors=None, newline=None):
        """
        Open the file pointed to by this path and return a file object, as
        the built-in open() function does.
        """
        if "b" not in mode:
            encoding = io.text_encoding(encoding)
&gt;       return io.open(self, mode, buffering, encoding, errors, newline)
               ^^^^^^^^^^^^^^^^^^^^^^^^^^^^^^^^^^^^^^^^^^^^^^^^^^^^^^^^^
E       FileNotFoundError: [Errno 2] No such file or directory: 'C:\\Users\\andre\\GitHub\\i3x2ua\\i3x_server\\openapi.json'

..\..\..\..\AppData\Roaming\uv\python\cpython-3.12-windows-x86_64-none\Lib\pathlib.py:1013: FileNotFoundError</failure></testcase><testcase classname="tests.features.app.test_app" name="test_docs_csp_allows_swagger_cdn_assets" time="0.077"><error message="failed on setup with &quot;FileNotFoundError: [Errno 2] No such file or directory: 'C:\\Users\\andre\\GitHub\\i3x2ua\\i3x_server\\openapi.json'&quot;">fixturedef = &lt;FixtureDef argname='client' scope='function' baseid='tests/features'&gt;
request = &lt;SubRequest 'client' for &lt;Function test_docs_csp_allows_swagger_cdn_assets&gt;&gt;

    @pytest.hookimpl(wrapper=True)
    def pytest_fixture_setup(fixturedef: FixtureDef, request) -&gt; object | None:
        asyncio_mode = _get_asyncio_mode(request.config)
        if not _is_asyncio_fixture_function(fixturedef.func):
            if asyncio_mode == Mode.STRICT:
                # Ignore async fixtures without explicit asyncio mark in strict mode
                # This applies to pytest_trio fixtures, for example
                return (yield)
            if not _is_coroutine_or_asyncgen(fixturedef.func):
&gt;               return (yield)
                        ^^^^^

..\..\.venv\Lib\site-packages\pytest_asyncio\plugin.py:730: 
_ _ _ _ _ _ _ _ _ _ _ _ _ _ _ _ _ _ _ _ _ _ _ _ _ _ _ _ _ _ _ _ _ _ _ _ _ _ _ _
..\conftest.py:352: in client
    with TestClient(app) as test_client:
         ^^^^^^^^^^^^^^^
..\..\.venv\Lib\site-packages\starlette\testclient.py:688: in __enter__
    portal.call(self.wait_startup)
..\..\.venv\Lib\site-packages\anyio\from_thread.py:334: in call
    return cast(T_Retval, self.start_task_soon(func, *args).result())
                          ^^^^^^^^^^^^^^^^^^^^^^^^^^^^^^^^^^^^^^^^^^
..\..\..\..\AppData\Roaming\uv\python\cpython-3.12-windows-x86_64-none\Lib\concurrent\futures\_base.py:456: in result
    return self.__get_result()
           ^^^^^^^^^^^^^^^^^^^
..\..\..\..\AppData\Roaming\uv\python\cpython-3.12-windows-x86_64-none\Lib\concurrent\futures\_base.py:401: in __get_result
    raise self._exception
..\..\.venv\Lib\site-packages\anyio\from_thread.py:259: in _call_func
    retval = await retval_or_awaitable
             ^^^^^^^^^^^^^^^^^^^^^^^^^
..\..\.venv\Lib\site-packages\starlette\testclient.py:723: in wait_startup
    await receive()
..\..\.venv\Lib\site-packages\starlette\testclient.py:714: in receive
    self.task.result()
..\..\..\..\AppData\Roaming\uv\python\cpython-3.12-windows-x86_64-none\Lib\concurrent\futures\_base.py:449: in result
    return self.__get_result()
           ^^^^^^^^^^^^^^^^^^^
..\..\..\..\AppData\Roaming\uv\python\cpython-3.12-windows-x86_64-none\Lib\concurrent\futures\_base.py:401: in __get_result
    raise self._exception
..\..\.venv\Lib\site-packages\anyio\from_thread.py:259: in _call_func
    retval = await retval_or_awaitable
             ^^^^^^^^^^^^^^^^^^^^^^^^^
..\..\.venv\Lib\site-packages\starlette\testclient.py:704: in lifespan
    await self.app(scope, self.stream_receive.receive, self.stream_send.send)
..\..\.venv\Lib\site-packages\fastapi\applications.py:1160: in __call__
    await super().__call__(scope, receive, send)
..\..\.venv\Lib\site-packages\starlette\applications.py:90: in __call__
    await self.middleware_stack(scope, receive, send)
..\..\.venv\Lib\site-packages\starlette\middleware\errors.py:151: in __call__
    await self.app(scope, receive, send)
..\..\.venv\Lib\site-packages\starlette\middleware\base.py:103: in __call__
    await self.app(scope, receive, send)
..\..\.venv\Lib\site-packages\starlette\middleware\base.py:103: in __call__
    await self.app(scope, receive, send)
..\..\.venv\Lib\site-packages\starlette\middleware\gzip.py:19: in __call__
    await self.app(scope, receive, send)
..\..\.venv\Lib\site-packages\starlette\middleware\exceptions.py:49: in __call__
    await self.app(scope, receive, send)
..\..\.venv\Lib\site-packages\fastapi\middleware\asyncexitstack.py:18: in __call__
    await self.app(scope, receive, send)
..\..\.venv\Lib\site-packages\starlette\routing.py:660: in __call__
    await self.middleware_stack(scope, receive, send)
..\..\.venv\Lib\site-packages\starlette\routing.py:669: in app
    await self.lifespan(scope, receive, send)
..\..\.venv\Lib\site-packages\starlette\routing.py:638: in lifespan
    async with self.lifespan_context(app) as maybe_state:
               ^^^^^^^^^^^^^^^^^^^^^^^^^^
..\..\..\..\AppData\Roaming\uv\python\cpython-3.12-windows-x86_64-none\Lib\contextlib.py:210: in __aenter__
    return await anext(self.gen)
           ^^^^^^^^^^^^^^^^^^^^^
..\..\.venv\Lib\site-packages\fastapi\routing.py:212: in merged_lifespan
    async with original_context(app) as maybe_original_state:
               ^^^^^^^^^^^^^^^^^^^^^
..\..\..\..\AppData\Roaming\uv\python\cpython-3.12-windows-x86_64-none\Lib\contextlib.py:210: in __aenter__
    return await anext(self.gen)
           ^^^^^^^^^^^^^^^^^^^^^
..\..\.venv\Lib\site-packages\fastapi\routing.py:212: in merged_lifespan
    async with original_context(app) as maybe_original_state:
               ^^^^^^^^^^^^^^^^^^^^^
..\..\..\..\AppData\Roaming\uv\python\cpython-3.12-windows-x86_64-none\Lib\contextlib.py:210: in __aenter__
    return await anext(self.gen)
           ^^^^^^^^^^^^^^^^^^^^^
..\..\.venv\Lib\site-packages\fastapi\routing.py:212: in merged_lifespan
    async with original_context(app) as maybe_original_state:
               ^^^^^^^^^^^^^^^^^^^^^
..\..\..\..\AppData\Roaming\uv\python\cpython-3.12-windows-x86_64-none\Lib\contextlib.py:210: in __aenter__
    return await anext(self.gen)
           ^^^^^^^^^^^^^^^^^^^^^
..\..\i3x_server\bootstrap\app_factory.py:163: in lifespan
    openapi_spec = app.openapi()
                   ^^^^^^^^^^^^^
..\..\i3x_server\bootstrap\app_factory.py:226: in custom_openapi
    openapi_override = json.loads(openapi_doc_path.read_text(encoding="utf-8"))
                                  ^^^^^^^^^^^^^^^^^^^^^^^^^^^^^^^^^^^^^^^^^^^^
..\..\..\..\AppData\Roaming\uv\python\cpython-3.12-windows-x86_64-none\Lib\pathlib.py:1027: in read_text
    with self.open(mode='r', encoding=encoding, errors=errors) as f:
         ^^^^^^^^^^^^^^^^^^^^^^^^^^^^^^^^^^^^^^^^^^^^^^^^^^^^^
_ _ _ _ _ _ _ _ _ _ _ _ _ _ _ _ _ _ _ _ _ _ _ _ _ _ _ _ _ _ _ _ _ _ _ _ _ _ _ _

self = WindowsPath('C:/Users/andre/GitHub/i3x2ua/i3x_server/openapi.json')
mode = 'r', buffering = -1, encoding = 'utf-8', errors = None, newline = None

    def open(self, mode='r', buffering=-1, encoding=None,
             errors=None, newline=None):
        """
        Open the file pointed to by this path and return a file object, as
        the built-in open() function does.
        """
        if "b" not in mode:
            encoding = io.text_encoding(encoding)
&gt;       return io.open(self, mode, buffering, encoding, errors, newline)
               ^^^^^^^^^^^^^^^^^^^^^^^^^^^^^^^^^^^^^^^^^^^^^^^^^^^^^^^^^
E       FileNotFoundError: [Errno 2] No such file or directory: 'C:\\Users\\andre\\GitHub\\i3x2ua\\i3x_server\\openapi.json'

..\..\..\..\AppData\Roaming\uv\python\cpython-3.12-windows-x86_64-none\Lib\pathlib.py:1013: FileNotFoundError</error></testcase><testcase classname="tests.features.app.test_app" name="test_landing_page_csp_remains_strict" time="0.082"><error message="failed on setup with &quot;FileNotFoundError: [Errno 2] No such file or directory: 'C:\\Users\\andre\\GitHub\\i3x2ua\\i3x_server\\openapi.json'&quot;">fixturedef = &lt;FixtureDef argname='client' scope='function' baseid='tests/features'&gt;
request = &lt;SubRequest 'client' for &lt;Function test_landing_page_csp_remains_strict&gt;&gt;

    @pytest.hookimpl(wrapper=True)
    def pytest_fixture_setup(fixturedef: FixtureDef, request) -&gt; object | None:
        asyncio_mode = _get_asyncio_mode(request.config)
        if not _is_asyncio_fixture_function(fixturedef.func):
            if asyncio_mode == Mode.STRICT:
                # Ignore async fixtures without explicit asyncio mark in strict mode
                # This applies to pytest_trio fixtures, for example
                return (yield)
            if not _is_coroutine_or_asyncgen(fixturedef.func):
&gt;               return (yield)
                        ^^^^^

..\..\.venv\Lib\site-packages\pytest_asyncio\plugin.py:730: 
_ _ _ _ _ _ _ _ _ _ _ _ _ _ _ _ _ _ _ _ _ _ _ _ _ _ _ _ _ _ _ _ _ _ _ _ _ _ _ _
..\conftest.py:352: in client
    with TestClient(app) as test_client:
         ^^^^^^^^^^^^^^^
..\..\.venv\Lib\site-packages\starlette\testclient.py:688: in __enter__
    portal.call(self.wait_startup)
..\..\.venv\Lib\site-packages\anyio\from_thread.py:334: in call
    return cast(T_Retval, self.start_task_soon(func, *args).result())
                          ^^^^^^^^^^^^^^^^^^^^^^^^^^^^^^^^^^^^^^^^^^
..\..\..\..\AppData\Roaming\uv\python\cpython-3.12-windows-x86_64-none\Lib\concurrent\futures\_base.py:449: in result
    return self.__get_result()
           ^^^^^^^^^^^^^^^^^^^
..\..\..\..\AppData\Roaming\uv\python\cpython-3.12-windows-x86_64-none\Lib\concurrent\futures\_base.py:401: in __get_result
    raise self._exception
..\..\.venv\Lib\site-packages\anyio\from_thread.py:259: in _call_func
    retval = await retval_or_awaitable
             ^^^^^^^^^^^^^^^^^^^^^^^^^
..\..\.venv\Lib\site-packages\starlette\testclient.py:723: in wait_startup
    await receive()
..\..\.venv\Lib\site-packages\starlette\testclient.py:714: in receive
    self.task.result()
..\..\..\..\AppData\Roaming\uv\python\cpython-3.12-windows-x86_64-none\Lib\concurrent\futures\_base.py:449: in result
    return self.__get_result()
           ^^^^^^^^^^^^^^^^^^^
..\..\..\..\AppData\Roaming\uv\python\cpython-3.12-windows-x86_64-none\Lib\concurrent\futures\_base.py:401: in __get_result
    raise self._exception
..\..\.venv\Lib\site-packages\anyio\from_thread.py:259: in _call_func
    retval = await retval_or_awaitable
             ^^^^^^^^^^^^^^^^^^^^^^^^^
..\..\.venv\Lib\site-packages\starlette\testclient.py:704: in lifespan
    await self.app(scope, self.stream_receive.receive, self.stream_send.send)
..\..\.venv\Lib\site-packages\fastapi\applications.py:1160: in __call__
    await super().__call__(scope, receive, send)
..\..\.venv\Lib\site-packages\starlette\applications.py:90: in __call__
    await self.middleware_stack(scope, receive, send)
..\..\.venv\Lib\site-packages\starlette\middleware\errors.py:151: in __call__
    await self.app(scope, receive, send)
..\..\.venv\Lib\site-packages\starlette\middleware\base.py:103: in __call__
    await self.app(scope, receive, send)
..\..\.venv\Lib\site-packages\starlette\middleware\base.py:103: in __call__
    await self.app(scope, receive, send)
..\..\.venv\Lib\site-packages\starlette\middleware\gzip.py:19: in __call__
    await self.app(scope, receive, send)
..\..\.venv\Lib\site-packages\starlette\middleware\exceptions.py:49: in __call__
    await self.app(scope, receive, send)
..\..\.venv\Lib\site-packages\fastapi\middleware\asyncexitstack.py:18: in __call__
    await self.app(scope, receive, send)
..\..\.venv\Lib\site-packages\starlette\routing.py:660: in __call__
    await self.middleware_stack(scope, receive, send)
..\..\.venv\Lib\site-packages\starlette\routing.py:669: in app
    await self.lifespan(scope, receive, send)
..\..\.venv\Lib\site-packages\starlette\routing.py:638: in lifespan
    async with self.lifespan_context(app) as maybe_state:
               ^^^^^^^^^^^^^^^^^^^^^^^^^^
..\..\..\..\AppData\Roaming\uv\python\cpython-3.12-windows-x86_64-none\Lib\contextlib.py:210: in __aenter__
    return await anext(self.gen)
           ^^^^^^^^^^^^^^^^^^^^^
..\..\.venv\Lib\site-packages\fastapi\routing.py:212: in merged_lifespan
    async with original_context(app) as maybe_original_state:
               ^^^^^^^^^^^^^^^^^^^^^
..\..\..\..\AppData\Roaming\uv\python\cpython-3.12-windows-x86_64-none\Lib\contextlib.py:210: in __aenter__
    return await anext(self.gen)
           ^^^^^^^^^^^^^^^^^^^^^
..\..\.venv\Lib\site-packages\fastapi\routing.py:212: in merged_lifespan
    async with original_context(app) as maybe_original_state:
               ^^^^^^^^^^^^^^^^^^^^^
..\..\..\..\AppData\Roaming\uv\python\cpython-3.12-windows-x86_64-none\Lib\contextlib.py:210: in __aenter__
    return await anext(self.gen)
           ^^^^^^^^^^^^^^^^^^^^^
..\..\.venv\Lib\site-packages\fastapi\routing.py:212: in merged_lifespan
    async with original_context(app) as maybe_original_state:
               ^^^^^^^^^^^^^^^^^^^^^
..\..\..\..\AppData\Roaming\uv\python\cpython-3.12-windows-x86_64-none\Lib\contextlib.py:210: in __aenter__
    return await anext(self.gen)
           ^^^^^^^^^^^^^^^^^^^^^
..\..\i3x_server\bootstrap\app_factory.py:163: in lifespan
    openapi_spec = app.openapi()
                   ^^^^^^^^^^^^^
..\..\i3x_server\bootstrap\app_factory.py:226: in custom_openapi
    openapi_override = json.loads(openapi_doc_path.read_text(encoding="utf-8"))
                                  ^^^^^^^^^^^^^^^^^^^^^^^^^^^^^^^^^^^^^^^^^^^^
..\..\..\..\AppData\Roaming\uv\python\cpython-3.12-windows-x86_64-none\Lib\pathlib.py:1027: in read_text
    with self.open(mode='r', encoding=encoding, errors=errors) as f:
         ^^^^^^^^^^^^^^^^^^^^^^^^^^^^^^^^^^^^^^^^^^^^^^^^^^^^^
_ _ _ _ _ _ _ _ _ _ _ _ _ _ _ _ _ _ _ _ _ _ _ _ _ _ _ _ _ _ _ _ _ _ _ _ _ _ _ _

self = WindowsPath('C:/Users/andre/GitHub/i3x2ua/i3x_server/openapi.json')
mode = 'r', buffering = -1, encoding = 'utf-8', errors = None, newline = None

    def open(self, mode='r', buffering=-1, encoding=None,
             errors=None, newline=None):
        """
        Open the file pointed to by this path and return a file object, as
        the built-in open() function does.
        """
        if "b" not in mode:
            encoding = io.text_encoding(encoding)
&gt;       return io.open(self, mode, buffering, encoding, errors, newline)
               ^^^^^^^^^^^^^^^^^^^^^^^^^^^^^^^^^^^^^^^^^^^^^^^^^^^^^^^^^
E       FileNotFoundError: [Errno 2] No such file or directory: 'C:\\Users\\andre\\GitHub\\i3x2ua\\i3x_server\\openapi.json'

..\..\..\..\AppData\Roaming\uv\python\cpython-3.12-windows-x86_64-none\Lib\pathlib.py:1013: FileNotFoundError</error></testcase><testcase classname="tests.features.app.test_app" name="test_static_logo_is_served" time="0.086"><error message="failed on setup with &quot;FileNotFoundError: [Errno 2] No such file or directory: 'C:\\Users\\andre\\GitHub\\i3x2ua\\i3x_server\\openapi.json'&quot;">fixturedef = &lt;FixtureDef argname='client' scope='function' baseid='tests/features'&gt;
request = &lt;SubRequest 'client' for &lt;Function test_static_logo_is_served&gt;&gt;

    @pytest.hookimpl(wrapper=True)
    def pytest_fixture_setup(fixturedef: FixtureDef, request) -&gt; object | None:
        asyncio_mode = _get_asyncio_mode(request.config)
        if not _is_asyncio_fixture_function(fixturedef.func):
            if asyncio_mode == Mode.STRICT:
                # Ignore async fixtures without explicit asyncio mark in strict mode
                # This applies to pytest_trio fixtures, for example
                return (yield)
            if not _is_coroutine_or_asyncgen(fixturedef.func):
&gt;               return (yield)
                        ^^^^^

..\..\.venv\Lib\site-packages\pytest_asyncio\plugin.py:730: 
_ _ _ _ _ _ _ _ _ _ _ _ _ _ _ _ _ _ _ _ _ _ _ _ _ _ _ _ _ _ _ _ _ _ _ _ _ _ _ _
..\conftest.py:352: in client
    with TestClient(app) as test_client:
         ^^^^^^^^^^^^^^^
..\..\.venv\Lib\site-packages\starlette\testclient.py:688: in __enter__
    portal.call(self.wait_startup)
..\..\.venv\Lib\site-packages\anyio\from_thread.py:334: in call
    return cast(T_Retval, self.start_task_soon(func, *args).result())
                          ^^^^^^^^^^^^^^^^^^^^^^^^^^^^^^^^^^^^^^^^^^
..\..\..\..\AppData\Roaming\uv\python\cpython-3.12-windows-x86_64-none\Lib\concurrent\futures\_base.py:456: in result
    return self.__get_result()
           ^^^^^^^^^^^^^^^^^^^
..\..\..\..\AppData\Roaming\uv\python\cpython-3.12-windows-x86_64-none\Lib\concurrent\futures\_base.py:401: in __get_result
    raise self._exception
..\..\.venv\Lib\site-packages\anyio\from_thread.py:259: in _call_func
    retval = await retval_or_awaitable
             ^^^^^^^^^^^^^^^^^^^^^^^^^
..\..\.venv\Lib\site-packages\starlette\testclient.py:723: in wait_startup
    await receive()
..\..\.venv\Lib\site-packages\starlette\testclient.py:714: in receive
    self.task.result()
..\..\..\..\AppData\Roaming\uv\python\cpython-3.12-windows-x86_64-none\Lib\concurrent\futures\_base.py:449: in result
    return self.__get_result()
           ^^^^^^^^^^^^^^^^^^^
..\..\..\..\AppData\Roaming\uv\python\cpython-3.12-windows-x86_64-none\Lib\concurrent\futures\_base.py:401: in __get_result
    raise self._exception
..\..\.venv\Lib\site-packages\anyio\from_thread.py:259: in _call_func
    retval = await retval_or_awaitable
             ^^^^^^^^^^^^^^^^^^^^^^^^^
..\..\.venv\Lib\site-packages\starlette\testclient.py:704: in lifespan
    await self.app(scope, self.stream_receive.receive, self.stream_send.send)
..\..\.venv\Lib\site-packages\fastapi\applications.py:1160: in __call__
    await super().__call__(scope, receive, send)
..\..\.venv\Lib\site-packages\starlette\applications.py:90: in __call__
    await self.middleware_stack(scope, receive, send)
[...]
..\conftest.py:352: in client
    with TestClient(app) as test_client:
         ^^^^^^^^^^^^^^^
..\..\.venv\Lib\site-packages\starlette\testclient.py:688: in __enter__
    portal.call(self.wait_startup)
..\..\.venv\Lib\site-packages\anyio\from_thread.py:334: in call
    return cast(T_Retval, self.start_task_soon(func, *args).result())
                          ^^^^^^^^^^^^^^^^^^^^^^^^^^^^^^^^^^^^^^^^^^
..\..\..\..\AppData\Roaming\uv\python\cpython-3.12-windows-x86_64-none\Lib\concurrent\futures\_base.py:456: in result
    return self.__get_result()
           ^^^^^^^^^^^^^^^^^^^
..\..\..\..\AppData\Roaming\uv\python\cpython-3.12-windows-x86_64-none\Lib\concurrent\futures\_base.py:401: in __get_result
    raise self._exception
..\..\.venv\Lib\site-packages\anyio\from_thread.py:259: in _call_func
    retval = await retval_or_awaitable
             ^^^^^^^^^^^^^^^^^^^^^^^^^
..\..\.venv\Lib\site-packages\starlette\testclient.py:723: in wait_startup
    await receive()
..\..\.venv\Lib\site-packages\starlette\testclient.py:714: in receive
    self.task.result()
..\..\..\..\AppData\Roaming\uv\python\cpython-3.12-windows-x86_64-none\Lib\concurrent\futures\_base.py:449: in result
    return self.__get_result()
           ^^^^^^^^^^^^^^^^^^^
..\..\..\..\AppData\Roaming\uv\python\cpython-3.12-windows-x86_64-none\Lib\concurrent\futures\_base.py:401: in __get_result
    raise self._exception
..\..\.venv\Lib\site-packages\anyio\from_thread.py:259: in _call_func
    retval = await retval_or_awaitable
             ^^^^^^^^^^^^^^^^^^^^^^^^^
..\..\.venv\Lib\site-packages\starlette\testclient.py:704: in lifespan
    await self.app(scope, self.stream_receive.receive, self.stream_send.send)
..\..\.venv\Lib\site-packages\fastapi\applications.py:1160: in __call__
    await super().__call__(scope, receive, send)
..\..\.venv\Lib\site-packages\starlette\applications.py:90: in __call__
    await self.middleware_stack(scope, receive, send)
..\..\.venv\Lib\site-packages\starlette\middleware\errors.py:151: in __call__
    await self.app(scope, receive, send)
..\..\.venv\Lib\site-packages\starlette\middleware\base.py:103: in __call__
    await self.app(scope, receive, send)
..\..\.venv\Lib\site-packages\starlette\middleware\base.py:103: in __call__
    await self.app(scope, receive, send)
..\..\.venv\Lib\site-packages\starlette\middleware\gzip.py:19: in __call__
    await self.app(scope, receive, send)
..\..\.venv\Lib\site-packages\starlette\middleware\exceptions.py:49: in __call__
    await self.app(scope, receive, send)
..\..\.venv\Lib\site-packages\fastapi\middleware\asyncexitstack.py:18: in __call__
    await self.app(scope, receive, send)
..\..\.venv\Lib\site-packages\starlette\routing.py:660: in __call__
    await self.middleware_stack(scope, receive, send)
..\..\.venv\Lib\site-packages\starlette\routing.py:669: in app
    await self.lifespan(scope, receive, send)
..\..\.venv\Lib\site-packages\starlette\routing.py:638: in lifespan
    async with self.lifespan_context(app) as maybe_state:
               ^^^^^^^^^^^^^^^^^^^^^^^^^^
..\..\..\..\AppData\Roaming\uv\python\cpython-3.12-windows-x86_64-none\Lib\contextlib.py:210: in __aenter__
    return await anext(self.gen)
           ^^^^^^^^^^^^^^^^^^^^^
..\..\.venv\Lib\site-packages\fastapi\routing.py:212: in merged_lifespan
    async with original_context(app) as maybe_original_state:
               ^^^^^^^^^^^^^^^^^^^^^
..\..\..\..\AppData\Roaming\uv\python\cpython-3.12-windows-x86_64-none\Lib\contextlib.py:210: in __aenter__
    return await anext(self.gen)
           ^^^^^^^^^^^^^^^^^^^^^
..\..\.venv\Lib\site-packages\fastapi\routing.py:212: in merged_lifespan
    async with original_context(app) as maybe_original_state:
               ^^^^^^^^^^^^^^^^^^^^^
..\..\..\..\AppData\Roaming\uv\python\cpython-3.12-windows-x86_64-none\Lib\contextlib.py:210: in __aenter__
    return await anext(self.gen)
           ^^^^^^^^^^^^^^^^^^^^^
..\..\.venv\Lib\site-packages\fastapi\routing.py:212: in merged_lifespan
    async with original_context(app) as maybe_original_state:
               ^^^^^^^^^^^^^^^^^^^^^
..\..\..\..\AppData\Roaming\uv\python\cpython-3.12-windows-x86_64-none\Lib\contextlib.py:210: in __aenter__
    return await anext(self.gen)
           ^^^^^^^^^^^^^^^^^^^^^
..\..\i3x_server\bootstrap\app_factory.py:163: in lifespan
    openapi_spec = app.openapi()
                   ^^^^^^^^^^^^^
..\..\i3x_server\bootstrap\app_factory.py:226: in custom_openapi
    openapi_override = json.loads(openapi_doc_path.read_text(encoding="utf-8"))
                                  ^^^^^^^^^^^^^^^^^^^^^^^^^^^^^^^^^^^^^^^^^^^^
..\..\..\..\AppData\Roaming\uv\python\cpython-3.12-windows-x86_64-none\Lib\pathlib.py:1027: in read_text
    with self.open(mode='r', encoding=encoding, errors=errors) as f:
         ^^^^^^^^^^^^^^^^^^^^^^^^^^^^^^^^^^^^^^^^^^^^^^^^^^^^^
_ _ _ _ _ _ _ _ _ _ _ _ _ _ _ _ _ _ _ _ _ _ _ _ _ _ _ _ _ _ _ _ _ _ _ _ _ _ _ _

self = WindowsPath('C:/Users/andre/GitHub/i3x2ua/i3x_server/openapi.json')
mode = 'r', buffering = -1, encoding = 'utf-8', errors = None, newline = None

    def open(self, mode='r', buffering=-1, encoding=None,
             errors=None, newline=None):
        """
        Open the file pointed to by this path and return a file object, as
        the built-in open() function does.
        """
        if "b" not in mode:
            encoding = io.text_encoding(encoding)
&gt;       return io.open(self, mode, buffering, encoding, errors, newline)
               ^^^^^^^^^^^^^^^^^^^^^^^^^^^^^^^^^^^^^^^^^^^^^^^^^^^^^^^^^
E       FileNotFoundError: [Errno 2] No such file or directory: 'C:\\Users\\andre\\GitHub\\i3x2ua\\i3x_server\\openapi.json'

..\..\..\..\AppData\Roaming\uv\python\cpython-3.12-windows-x86_64-none\Lib\pathlib.py:1013: FileNotFoundError</error></testcase><testcase classname="tests.features.v1_values.test_v1_values" name="test_v1_value_query_bad_quality_null_value_is_allowed" time="0.087"><error message="failed on setup with &quot;FileNotFoundError: [Errno 2] No such file or directory: 'C:\\Users\\andre\\GitHub\\i3x2ua\\i3x_server\\openapi.json'&quot;">fixturedef = &lt;FixtureDef argname='client' scope='function' baseid='tests/features'&gt;
request = &lt;SubRequest 'client' for &lt;Function test_v1_value_query_bad_quality_null_value_is_allowed&gt;&gt;

    @pytest.hookimpl(wrapper=True)
    def pytest_fixture_setup(fixturedef: FixtureDef, request) -&gt; object | None:
        asyncio_mode = _get_asyncio_mode(request.config)
        if not _is_asyncio_fixture_function(fixturedef.func):
            if asyncio_mode == Mode.STRICT:
                # Ignore async fixtures without explicit asyncio mark in strict mode
                # This applies to pytest_trio fixtures, for example
                return (yield)
            if not _is_coroutine_or_asyncgen(fixturedef.func):
&gt;               return (yield)
                        ^^^^^

..\..\.venv\Lib\site-packages\pytest_asyncio\plugin.py:730: 
_ _ _ _ _ _ _ _ _ _ _ _ _ _ _ _ _ _ _ _ _ _ _ _ _ _ _ _ _ _ _ _ _ _ _ _ _ _ _ _
..\conftest.py:352: in client
    with TestClient(app) as test_client:
         ^^^^^^^^^^^^^^^
..\..\.venv\Lib\site-packages\starlette\testclient.py:688: in __enter__
    portal.call(self.wait_startup)
..\..\.venv\Lib\site-packages\anyio\from_thread.py:334: in call
    return cast(T_Retval, self.start_task_soon(func, *args).result())
                          ^^^^^^^^^^^^^^^^^^^^^^^^^^^^^^^^^^^^^^^^^^
..\..\..\..\AppData\Roaming\uv\python\cpython-3.12-windows-x86_64-none\Lib\concurrent\futures\_base.py:456: in result
    return self.__get_result()
           ^^^^^^^^^^^^^^^^^^^
..\..\..\..\AppData\Roaming\uv\python\cpython-3.12-windows-x86_64-none\Lib\concurrent\futures\_base.py:401: in __get_result
    raise self._exception
..\..\.venv\Lib\site-packages\anyio\from_thread.py:259: in _call_func
    retval = await retval_or_awaitable
             ^^^^^^^^^^^^^^^^^^^^^^^^^
..\..\.venv\Lib\site-packages\starlette\testclient.py:723: in wait_startup
    await receive()
..\..\.venv\Lib\site-packages\starlette\testclient.py:714: in receive
    self.task.result()
..\..\..\..\AppData\Roaming\uv\python\cpython-3.12-windows-x86_64-none\Lib\concurrent\futures\_base.py:449: in result
    return self.__get_result()
           ^^^^^^^^^^^^^^^^^^^
..\..\..\..\AppData\Roaming\uv\python\cpython-3.12-windows-x86_64-none\Lib\concurrent\futures\_base.py:401: in __get_result
    raise self._exception
..\..\.venv\Lib\site-packages\anyio\from_thread.py:259: in _call_func
    retval = await retval_or_awaitable
             ^^^^^^^^^^^^^^^^^^^^^^^^^
..\..\.venv\Lib\site-packages\starlette\testclient.py:704: in lifespan
    await self.app(scope, self.stream_receive.receive, self.stream_send.send)
..\..\.venv\Lib\site-packages\fastapi\applications.py:1160: in __call__
    await super().__call__(scope, receive, send)
..\..\.venv\Lib\site-packages\starlette\applications.py:90: in __call__
    await self.middleware_stack(scope, receive, send)
..\..\.venv\Lib\site-packages\starlette\middleware\errors.py:151: in __call__
    await self.app(scope, receive, send)
..\..\.venv\Lib\site-packages\starlette\middleware\base.py:103: in __call__
    await self.app(scope, receive, send)
..\..\.venv\Lib\site-packages\starlette\middleware\base.py:103: in __call__
    await self.app(scope, receive, send)
..\..\.venv\Lib\site-packages\starlette\middleware\gzip.py:19: in __call__
    await self.app(scope, receive, send)
..\..\.venv\Lib\site-packages\starlette\middleware\exceptions.py:49: in __call__
    await self.app(scope, receive, send)
..\..\.venv\Lib\site-packages\fastapi\middleware\asyncexitstack.py:18: in __call__
    await self.app(scope, receive, send)
..\..\.venv\Lib\site-packages\starlette\routing.py:660: in __call__
    await self.middleware_stack(scope, receive, send)
..\..\.venv\Lib\site-packages\starlette\routing.py:669: in app
    await self.lifespan(scope, receive, send)
..\..\.venv\Lib\site-packages\starlette\routing.py:638: in lifespan
    async with self.lifespan_context(app) as maybe_state:
               ^^^^^^^^^^^^^^^^^^^^^^^^^^
..\..\..\..\AppData\Roaming\uv\python\cpython-3.12-windows-x86_64-none\Lib\contextlib.py:210: in __aenter__
    return await anext(self.gen)
           ^^^^^^^^^^^^^^^^^^^^^
..\..\.venv\Lib\site-packages\fastapi\routing.py:212: in merged_lifespan
    async with original_context(app) as maybe_original_state:
               ^^^^^^^^^^^^^^^^^^^^^
..\..\..\..\AppData\Roaming\uv\python\cpython-3.12-windows-x86_64-none\Lib\contextlib.py:210: in __aenter__
    return await anext(self.gen)
           ^^^^^^^^^^^^^^^^^^^^^
..\..\.venv\Lib\site-packages\fastapi\routing.py:212: in merged_lifespan
    async with original_context(app) as maybe_original_state:
               ^^^^^^^^^^^^^^^^^^^^^
..\..\..\..\AppData\Roaming\uv\python\cpython-3.12-windows-x86_64-none\Lib\contextlib.py:210: in __aenter__
    return await anext(self.gen)
           ^^^^^^^^^^^^^^^^^^^^^
..\..\.venv\Lib\site-packages\fastapi\routing.py:212: in merged_lifespan
    async with original_context(app) as maybe_original_state:
               ^^^^^^^^^^^^^^^^^^^^^
..\..\..\..\AppData\Roaming\uv\python\cpython-3.12-windows-x86_64-none\Lib\contextlib.py:210: in __aenter__
    return await anext(self.gen)
           ^^^^^^^^^^^^^^^^^^^^^
..\..\i3x_server\bootstrap\app_factory.py:163: in lifespan
    openapi_spec = app.openapi()
                   ^^^^^^^^^^^^^
..\..\i3x_server\bootstrap\app_factory.py:226: in custom_openapi
    openapi_override = json.loads(openapi_doc_path.read_text(encoding="utf-8"))
                                  ^^^^^^^^^^^^^^^^^^^^^^^^^^^^^^^^^^^^^^^^^^^^
..\..\..\..\AppData\Roaming\uv\python\cpython-3.12-windows-x86_64-none\Lib\pathlib.py:1027: in read_text
    with self.open(mode='r', encoding=encoding, errors=errors) as f:
         ^^^^^^^^^^^^^^^^^^^^^^^^^^^^^^^^^^^^^^^^^^^^^^^^^^^^^
_ _ _ _ _ _ _ _ _ _ _ _ _ _ _ _ _ _ _ _ _ _ _ _ _ _ _ _ _ _ _ _ _ _ _ _ _ _ _ _

self = WindowsPath('C:/Users/andre/GitHub/i3x2ua/i3x_server/openapi.json')
mode = 'r', buffering = -1, encoding = 'utf-8', errors = None, newline = None

    def open(self, mode='r', buffering=-1, encoding=None,
             errors=None, newline=None):
        """
        Open the file pointed to by this path and return a file object, as
        the built-in open() function does.
        """
        if "b" not in mode:
            encoding = io.text_encoding(encoding)
&gt;       return io.open(self, mode, buffering, encoding, errors, newline)
               ^^^^^^^^^^^^^^^^^^^^^^^^^^^^^^^^^^^^^^^^^^^^^^^^^^^^^^^^^
E       FileNotFoundError: [Errno 2] No such file or directory: 'C:\\Users\\andre\\GitHub\\i3x2ua\\i3x_server\\openapi.json'

..\..\..\..\AppData\Roaming\uv\python\cpython-3.12-windows-x86_64-none\Lib\pathlib.py:1013: FileNotFoundError</error></testcase><testcase classname="tests.features.v1_values.test_v1_values" name="test_v1_value_query_null_with_good_quality_normalized_to_goodnodata" time="0.090"><error message="failed on setup with &quot;FileNotFoundError: [Errno 2] No such file or directory: 'C:\\Users\\andre\\GitHub\\i3x2ua\\i3x_server\\openapi.json'&quot;">fixturedef = &lt;FixtureDef argname='client' scope='function' baseid='tests/features'&gt;
request = &lt;SubRequest 'client' for &lt;Function test_v1_value_query_null_with_good_quality_normalized_to_goodnodata&gt;&gt;

    @pytest.hookimpl(wrapper=True)
    def pytest_fixture_setup(fixturedef: FixtureDef, request) -&gt; object | None:
        asyncio_mode = _get_asyncio_mode(request.config)
        if not _is_asyncio_fixture_function(fixturedef.func):
            if asyncio_mode == Mode.STRICT:
                # Ignore async fixtures without explicit asyncio mark in strict mode
                # This applies to pytest_trio fixtures, for example
                return (yield)
            if not _is_coroutine_or_asyncgen(fixturedef.func):
&gt;               return (yield)
                        ^^^^^

..\..\.venv\Lib\site-packages\pytest_asyncio\plugin.py:730: 
_ _ _ _ _ _ _ _ _ _ _ _ _ _ _ _ _ _ _ _ _ _ _ _ _ _ _ _ _ _ _ _ _ _ _ _ _ _ _ _
..\conftest.py:352: in client
    with TestClient(app) as test_client:
         ^^^^^^^^^^^^^^^
..\..\.venv\Lib\site-packages\starlette\testclient.py:688: in __enter__
    portal.call(self.wait_startup)
..\..\.venv\Lib\site-packages\anyio\from_thread.py:334: in call
    return cast(T_Retval, self.start_task_soon(func, *args).result())
                          ^^^^^^^^^^^^^^^^^^^^^^^^^^^^^^^^^^^^^^^^^^
..\..\..\..\AppData\Roaming\uv\python\cpython-3.12-windows-x86_64-none\Lib\concurrent\futures\_base.py:456: in result
    return self.__get_result()
           ^^^^^^^^^^^^^^^^^^^
..\..\..\..\AppData\Roaming\uv\python\cpython-3.12-windows-x86_64-none\Lib\concurrent\futures\_base.py:401: in __get_result
    raise self._exception
..\..\.venv\Lib\site-packages\anyio\from_thread.py:259: in _call_func
    retval = await retval_or_awaitable
             ^^^^^^^^^^^^^^^^^^^^^^^^^
..\..\.venv\Lib\site-packages\starlette\testclient.py:723: in wait_startup
    await receive()
..\..\.venv\Lib\site-packages\starlette\testclient.py:714: in receive
    self.task.result()
..\..\..\..\AppData\Roaming\uv\python\cpython-3.12-windows-x86_64-none\Lib\concurrent\futures\_base.py:449: in result
    return self.__get_result()
           ^^^^^^^^^^^^^^^^^^^
..\..\..\..\AppData\Roaming\uv\python\cpython-3.12-windows-x86_64-none\Lib\concurrent\futures\_base.py:401: in __get_result
    raise self._exception
..\..\.venv\Lib\site-packages\anyio\from_thread.py:259: in _call_func
    retval = await retval_or_awaitable
             ^^^^^^^^^^^^^^^^^^^^^^^^^
..\..\.venv\Lib\site-packages\starlette\testclient.py:704: in lifespan
    await self.app(scope, self.stream_receive.receive, self.stream_send.send)
..\..\.venv\Lib\site-packages\fastapi\applications.py:1160: in __call__
    await super().__call__(scope, receive, send)
..\..\.venv\Lib\site-packages\starlette\applications.py:90: in __call__
    await self.middleware_stack(scope, receive, send)
..\..\.venv\Lib\site-packages\starlette\middleware\errors.py:151: in __call__
    await self.app(scope, receive, send)
..\..\.venv\Lib\site-packages\starlette\middleware\base.py:103: in __call__
    await self.app(scope, receive, send)
..\..\.venv\Lib\site-packages\starlette\middleware\base.py:103: in __call__
    await self.app(scope, receive, send)
..\..\.venv\Lib\site-packages\starlette\middleware\gzip.py:19: in __call__
    await self.app(scope, receive, send)
..\..\.venv\Lib\site-packages\starlette\middleware\exceptions.py:49: in __call__
    await self.app(scope, receive, send)
..\..\.venv\Lib\site-packages\fastapi\middleware\asyncexitstack.py:18: in __call__
    await self.app(scope, receive, send)
..\..\.venv\Lib\site-packages\starlette\routing.py:660: in __call__
    await self.middleware_stack(scope, receive, send)
..\..\.venv\Lib\site-packages\starlette\routing.py:669: in app
    await self.lifespan(scope, receive, send)
..\..\.venv\Lib\site-packages\starlette\routing.py:638: in lifespan
    async with self.lifespan_context(app) as maybe_state:
               ^^^^^^^^^^^^^^^^^^^^^^^^^^
..\..\..\..\AppData\Roaming\uv\python\cpython-3.12-windows-x86_64-none\Lib\contextlib.py:210: in __aenter__
    return await anext(self.gen)
           ^^^^^^^^^^^^^^^^^^^^^
..\..\.venv\Lib\site-packages\fastapi\routing.py:212: in merged_lifespan
    async with original_context(app) as maybe_original_state:
               ^^^^^^^^^^^^^^^^^^^^^
..\..\..\..\AppData\Roaming\uv\python\cpython-3.12-windows-x86_64-none\Lib\contextlib.py:210: in __aenter__
    return await anext(self.gen)
           ^^^^^^^^^^^^^^^^^^^^^
..\..\.venv\Lib\site-packages\fastapi\routing.py:212: in merged_lifespan
    async with original_context(app) as maybe_original_state:
               ^^^^^^^^^^^^^^^^^^^^^
..\..\..\..\AppData\Roaming\uv\python\cpython-3.12-windows-x86_64-none\Lib\contextlib.py:210: in __aenter__
    return await anext(self.gen)
           ^^^^^^^^^^^^^^^^^^^^^
..\..\.venv\Lib\site-packages\fastapi\routing.py:212: in merged_lifespan
    async with original_context(app) as maybe_original_state:
               ^^^^^^^^^^^^^^^^^^^^^
..\..\..\..\AppData\Roaming\uv\python\cpython-3.12-windows-x86_64-none\Lib\contextlib.py:210: in __aenter__
    return await anext(self.gen)
           ^^^^^^^^^^^^^^^^^^^^^
..\..\i3x_server\bootstrap\app_factory.py:163: in lifespan
    openapi_spec = app.openapi()
                   ^^^^^^^^^^^^^
..\..\i3x_server\bootstrap\app_factory.py:226: in custom_openapi
    openapi_override = json.loads(openapi_doc_path.read_text(encoding="utf-8"))
                                  ^^^^^^^^^^^^^^^^^^^^^^^^^^^^^^^^^^^^^^^^^^^^
..\..\..\..\AppData\Roaming\uv\python\cpython-3.12-windows-x86_64-none\Lib\pathlib.py:1027: in read_text
    with self.open(mode='r', encoding=encoding, errors=errors) as f:
         ^^^^^^^^^^^^^^^^^^^^^^^^^^^^^^^^^^^^^^^^^^^^^^^^^^^^^
_ _ _ _ _ _ _ _ _ _ _ _ _ _ _ _ _ _ _ _ _ _ _ _ _ _ _ _ _ _ _ _ _ _ _ _ _ _ _ _

self = WindowsPath('C:/Users/andre/GitHub/i3x2ua/i3x_server/openapi.json')
mode = 'r', buffering = -1, encoding = 'utf-8', errors = None, newline = None

    def open(self, mode='r', buffering=-1, encoding=None,
             errors=None, newline=None):
        """
        Open the file pointed to by this path and return a file object, as
        the built-in open() function does.
        """
        if "b" not in mode:
            encoding = io.text_encoding(encoding)
&gt;       return io.open(self, mode, buffering, encoding, errors, newline)
               ^^^^^^^^^^^^^^^^^^^^^^^^^^^^^^^^^^^^^^^^^^^^^^^^^^^^^^^^^
E       FileNotFoundError: [Errno 2] No such file or directory: 'C:\\Users\\andre\\GitHub\\i3x2ua\\i3x_server\\openapi.json'

..\..\..\..\AppData\Roaming\uv\python\cpython-3.12-windows-x86_64-none\Lib\pathlib.py:1013: FileNotFoundError</error></testcase></testsuite></testsuites>